mode: atomic
github.com/matrixorigin/matrixone/pkg/sql/colexec/table_scan/table_scan.go:37.55,40.2 2 1
github.com/matrixorigin/matrixone/pkg/sql/colexec/table_scan/table_scan.go:42.48,44.2 1 0
github.com/matrixorigin/matrixone/pkg/sql/colexec/table_scan/table_scan.go:46.72,47.33 1 12
github.com/matrixorigin/matrixone/pkg/sql/colexec/table_scan/table_scan.go:47.33,49.3 1 9
github.com/matrixorigin/matrixone/pkg/sql/colexec/table_scan/table_scan.go:49.8,51.3 1 3
github.com/matrixorigin/matrixone/pkg/sql/colexec/table_scan/table_scan.go:53.2,53.34 1 12
github.com/matrixorigin/matrixone/pkg/sql/colexec/table_scan/table_scan.go:53.34,55.3 1 0
github.com/matrixorigin/matrixone/pkg/sql/colexec/table_scan/table_scan.go:57.2,57.79 1 12
github.com/matrixorigin/matrixone/pkg/sql/colexec/table_scan/table_scan.go:57.79,59.17 2 6
github.com/matrixorigin/matrixone/pkg/sql/colexec/table_scan/table_scan.go:59.17,61.4 1 0
github.com/matrixorigin/matrixone/pkg/sql/colexec/table_scan/table_scan.go:65.2,65.43 1 12
github.com/matrixorigin/matrixone/pkg/sql/colexec/table_scan/table_scan.go:65.43,67.17 2 3
github.com/matrixorigin/matrixone/pkg/sql/colexec/table_scan/table_scan.go:67.17,69.4 1 0
github.com/matrixorigin/matrixone/pkg/sql/colexec/table_scan/table_scan.go:73.2,73.45 1 12
github.com/matrixorigin/matrixone/pkg/sql/colexec/table_scan/table_scan.go:73.45,76.3 1 12
github.com/matrixorigin/matrixone/pkg/sql/colexec/table_scan/table_scan.go:76.8,78.3 1 0
github.com/matrixorigin/matrixone/pkg/sql/colexec/table_scan/table_scan.go:79.2,83.30 4 12
github.com/matrixorigin/matrixone/pkg/sql/colexec/table_scan/table_scan.go:83.30,86.34 3 9
github.com/matrixorigin/matrixone/pkg/sql/colexec/table_scan/table_scan.go:86.34,88.4 1 24
github.com/matrixorigin/matrixone/pkg/sql/colexec/table_scan/table_scan.go:90.2,90.8 1 12
github.com/matrixorigin/matrixone/pkg/sql/colexec/table_scan/table_scan.go:93.80,98.18 5 11
github.com/matrixorigin/matrixone/pkg/sql/colexec/table_scan/table_scan.go:98.18,100.3 1 11
github.com/matrixorigin/matrixone/pkg/sql/colexec/table_scan/table_scan.go:102.2,111.15 3 11
github.com/matrixorigin/matrixone/pkg/sql/colexec/table_scan/table_scan.go:111.15,122.3 3 11
github.com/matrixorigin/matrixone/pkg/sql/colexec/table_scan/table_scan.go:124.2,124.53 1 11
github.com/matrixorigin/matrixone/pkg/sql/colexec/table_scan/table_scan.go:124.53,127.3 2 0
github.com/matrixorigin/matrixone/pkg/sql/colexec/table_scan/table_scan.go:129.2,129.6 1 11
github.com/matrixorigin/matrixone/pkg/sql/colexec/table_scan/table_scan.go:129.6,131.39 1 13
github.com/matrixorigin/matrixone/pkg/sql/colexec/table_scan/table_scan.go:131.39,133.24 2 0
github.com/matrixorigin/matrixone/pkg/sql/colexec/table_scan/table_scan.go:133.24,135.12 2 0
github.com/matrixorigin/matrixone/pkg/sql/colexec/table_scan/table_scan.go:135.12,136.60 1 0
github.com/matrixorigin/matrixone/pkg/sql/colexec/table_scan/table_scan.go:138.5,138.49 1 0
github.com/matrixorigin/matrixone/pkg/sql/colexec/table_scan/table_scan.go:143.3,148.17 5 13
github.com/matrixorigin/matrixone/pkg/sql/colexec/table_scan/table_scan.go:148.17,151.4 2 0
github.com/matrixorigin/matrixone/pkg/sql/colexec/table_scan/table_scan.go:152.3,159.12 5 13
github.com/matrixorigin/matrixone/pkg/sql/colexec/table_scan/table_scan.go:159.12,160.23 1 2
github.com/matrixorigin/matrixone/pkg/sql/colexec/table_scan/table_scan.go:160.23,166.5 4 2
github.com/matrixorigin/matrixone/pkg/sql/colexec/table_scan/table_scan.go:167.4,168.31 2 2
github.com/matrixorigin/matrixone/pkg/sql/colexec/table_scan/table_scan.go:171.3,171.34 1 11
github.com/matrixorigin/matrixone/pkg/sql/colexec/table_scan/table_scan.go:171.34,172.12 1 0
github.com/matrixorigin/matrixone/pkg/sql/colexec/table_scan/table_scan.go:175.3,190.48 7 11
github.com/matrixorigin/matrixone/pkg/sql/colexec/table_scan/table_scan.go:190.48,191.52 1 9
github.com/matrixorigin/matrixone/pkg/sql/colexec/table_scan/table_scan.go:191.52,194.5 2 0
github.com/matrixorigin/matrixone/pkg/sql/colexec/table_scan/table_scan.go:195.4,195.35 1 9
github.com/matrixorigin/matrixone/pkg/sql/colexec/table_scan/table_scan.go:195.35,196.13 1 2
github.com/matrixorigin/matrixone/pkg/sql/colexec/table_scan/table_scan.go:200.3,200.8 1 9
github.com/matrixorigin/matrixone/pkg/sql/colexec/table_scan/table_scan.go:203.2,205.65 2 9
github.com/matrixorigin/matrixone/pkg/sql/colexec/table_scan/table_scan.go:211.69,216.50 4 9
github.com/matrixorigin/matrixone/pkg/sql/colexec/table_scan/table_scan.go:216.50,217.20 1 10
github.com/matrixorigin/matrixone/pkg/sql/colexec/table_scan/table_scan.go:217.20,218.9 1 0
github.com/matrixorigin/matrixone/pkg/sql/colexec/table_scan/table_scan.go:221.3,222.17 2 10
github.com/matrixorigin/matrixone/pkg/sql/colexec/table_scan/table_scan.go:222.17,224.4 1 0
github.com/matrixorigin/matrixone/pkg/sql/colexec/table_scan/table_scan.go:226.3,226.50 1 10
github.com/matrixorigin/matrixone/pkg/sql/colexec/table_scan/table_scan.go:226.50,228.4 1 0
github.com/matrixorigin/matrixone/pkg/sql/colexec/table_scan/table_scan.go:229.3,231.33 2 10
github.com/matrixorigin/matrixone/pkg/sql/colexec/table_scan/table_scan.go:231.33,233.4 1 0
github.com/matrixorigin/matrixone/pkg/sql/colexec/table_scan/table_scan.go:235.3,235.36 1 10
github.com/matrixorigin/matrixone/pkg/sql/colexec/table_scan/table_scan.go:235.36,237.4 1 7
github.com/matrixorigin/matrixone/pkg/sql/colexec/table_scan/table_scan.go:237.9,239.11 2 3
github.com/matrixorigin/matrixone/pkg/sql/colexec/table_scan/table_scan.go:239.11,241.5 1 0
github.com/matrixorigin/matrixone/pkg/sql/colexec/table_scan/table_scan.go:243.3,245.20 2 10
github.com/matrixorigin/matrixone/pkg/sql/colexec/table_scan/table_scan.go:245.20,247.18 2 1
github.com/matrixorigin/matrixone/pkg/sql/colexec/table_scan/table_scan.go:247.18,249.10 2 1
github.com/matrixorigin/matrixone/pkg/sql/colexec/table_scan/table_scan.go:251.9,252.19 1 9
github.com/matrixorigin/matrixone/pkg/sql/colexec/table_scan/table_scan.go:252.19,254.5 1 8
github.com/matrixorigin/matrixone/pkg/sql/colexec/table_scan/table_scan.go:255.4,258.29 3 9
github.com/matrixorigin/matrixone/pkg/sql/colexec/table_scan/table_scan.go:258.29,259.36 1 0
github.com/matrixorigin/matrixone/pkg/sql/colexec/table_scan/table_scan.go:259.36,261.20 2 0
github.com/matrixorigin/matrixone/pkg/sql/colexec/table_scan/table_scan.go:261.20,263.7 1 0
github.com/matrixorigin/matrixone/pkg/sql/colexec/table_scan/table_scan.go:265.10,266.36 1 9
github.com/matrixorigin/matrixone/pkg/sql/colexec/table_scan/table_scan.go:266.36,268.11 2 82
github.com/matrixorigin/matrixone/pkg/sql/colexec/table_scan/table_scan.go:268.11,270.7 1 40
github.com/matrixorigin/matrixone/pkg/sql/colexec/table_scan/table_scan.go:274.4,274.22 1 9
github.com/matrixorigin/matrixone/pkg/sql/colexec/table_scan/table_scan.go:274.22,276.10 2 1
github.com/matrixorigin/matrixone/pkg/sql/colexec/table_scan/table_scan.go:279.4,279.35 1 8
github.com/matrixorigin/matrixone/pkg/sql/colexec/table_scan/table_scan.go:279.35,281.5 1 6
github.com/matrixorigin/matrixone/pkg/sql/colexec/table_scan/table_scan.go:285.2,285.17 1 9
github.com/matrixorigin/matrixone/pkg/sql/colexec/table_scan/table_scan.go:285.17,287.3 1 8
github.com/matrixorigin/matrixone/pkg/sql/colexec/table_scan/table_scan.go:289.2,289.12 1 9
github.com/matrixorigin/matrixone/pkg/sql/colexec/table_scan/types.go:57.64,59.2 1 11
github.com/matrixorigin/matrixone/pkg/sql/colexec/table_scan/types.go:61.13,63.21 1 1
github.com/matrixorigin/matrixone/pkg/sql/colexec/table_scan/types.go:63.21,65.4 1 0
github.com/matrixorigin/matrixone/pkg/sql/colexec/table_scan/types.go:66.22,68.4 1 0
github.com/matrixorigin/matrixone/pkg/sql/colexec/table_scan/types.go:74.46,76.2 1 0
github.com/matrixorigin/matrixone/pkg/sql/colexec/table_scan/types.go:78.31,80.2 1 0
github.com/matrixorigin/matrixone/pkg/sql/colexec/table_scan/types.go:82.69,85.2 2 0
github.com/matrixorigin/matrixone/pkg/sql/colexec/table_scan/types.go:87.39,88.22 1 0
github.com/matrixorigin/matrixone/pkg/sql/colexec/table_scan/types.go:88.22,90.3 1 0
github.com/matrixorigin/matrixone/pkg/sql/colexec/table_scan/types.go:93.90,96.34 3 3
github.com/matrixorigin/matrixone/pkg/sql/colexec/table_scan/types.go:96.34,99.3 2 2
github.com/matrixorigin/matrixone/pkg/sql/colexec/table_scan/types.go:100.2,100.47 1 3
github.com/matrixorigin/matrixone/pkg/sql/colexec/table_scan/types.go:100.47,101.46 1 1
github.com/matrixorigin/matrixone/pkg/sql/colexec/table_scan/types.go:101.46,103.4 1 1
github.com/matrixorigin/matrixone/pkg/sql/colexec/table_scan/types.go:106.2,106.54 1 3
github.com/matrixorigin/matrixone/pkg/sql/colexec/table_scan/types.go:106.54,107.53 1 1
github.com/matrixorigin/matrixone/pkg/sql/colexec/table_scan/types.go:107.53,109.4 1 1
github.com/matrixorigin/matrixone/pkg/sql/colexec/table_scan/types.go:111.2,115.33 5 3
github.com/matrixorigin/matrixone/pkg/sql/colexec/table_scan/types.go:115.33,117.3 1 3
github.com/matrixorigin/matrixone/pkg/sql/colexec/table_scan/types.go:118.2,118.25 1 3
github.com/matrixorigin/matrixone/pkg/sql/colexec/table_scan/types.go:121.89,122.30 1 8
github.com/matrixorigin/matrixone/pkg/sql/colexec/table_scan/types.go:122.30,125.3 2 8
github.com/matrixorigin/matrixone/pkg/sql/colexec/table_scan/types.go:127.2,127.34 1 8
github.com/matrixorigin/matrixone/pkg/sql/colexec/table_scan/types.go:127.34,129.3 1 7
github.com/matrixorigin/matrixone/pkg/sql/colexec/table_scan/types.go:131.2,131.47 1 8
github.com/matrixorigin/matrixone/pkg/sql/colexec/table_scan/types.go:131.47,132.46 1 6
github.com/matrixorigin/matrixone/pkg/sql/colexec/table_scan/types.go:132.46,134.4 1 6
github.com/matrixorigin/matrixone/pkg/sql/colexec/table_scan/types.go:136.2,138.54 2 8
github.com/matrixorigin/matrixone/pkg/sql/colexec/table_scan/types.go:138.54,139.53 1 2
github.com/matrixorigin/matrixone/pkg/sql/colexec/table_scan/types.go:139.53,141.4 1 2
github.com/matrixorigin/matrixone/pkg/sql/colexec/table_scan/types.go:143.2,144.40 2 8
github.com/matrixorigin/matrixone/pkg/sql/colexec/table_scan/types.go:147.43,148.29 1 3
github.com/matrixorigin/matrixone/pkg/sql/colexec/table_scan/types.go:148.29,150.15 2 3
github.com/matrixorigin/matrixone/pkg/sql/colexec/table_scan/types.go:150.15,152.4 1 0
github.com/matrixorigin/matrixone/pkg/sql/colexec/table_scan/types.go:153.3,153.25 1 3
github.com/matrixorigin/matrixone/pkg/sql/colexec/table_scan/types.go:157.109,160.34 3 11
github.com/matrixorigin/matrixone/pkg/sql/colexec/table_scan/types.go:160.34,162.3 1 9
github.com/matrixorigin/matrixone/pkg/sql/colexec/table_scan/types.go:164.2,164.19 1 11
