mode: set
github.com/matrixorigin/matrixone/pkg/fulltext/fixedbytepool.go:91.45,93.2 1 1
github.com/matrixorigin/matrixone/pkg/fulltext/fixedbytepool.go:96.41,98.2 1 1
github.com/matrixorigin/matrixone/pkg/fulltext/fixedbytepool.go:101.60,103.2 1 1
github.com/matrixorigin/matrixone/pkg/fulltext/fixedbytepool.go:106.104,107.39 1 1
github.com/matrixorigin/matrixone/pkg/fulltext/fixedbytepool.go:107.39,109.3 1 0
github.com/matrixorigin/matrixone/pkg/fulltext/fixedbytepool.go:110.2,112.16 3 1
github.com/matrixorigin/matrixone/pkg/fulltext/fixedbytepool.go:112.16,114.3 1 0
github.com/matrixorigin/matrixone/pkg/fulltext/fixedbytepool.go:116.2,117.16 2 1
github.com/matrixorigin/matrixone/pkg/fulltext/fixedbytepool.go:120.36,122.2 1 1
github.com/matrixorigin/matrixone/pkg/fulltext/fixedbytepool.go:125.59,127.16 2 1
github.com/matrixorigin/matrixone/pkg/fulltext/fixedbytepool.go:127.16,129.3 1 0
github.com/matrixorigin/matrixone/pkg/fulltext/fixedbytepool.go:130.2,131.12 2 1
github.com/matrixorigin/matrixone/pkg/fulltext/fixedbytepool.go:135.32,136.22 1 1
github.com/matrixorigin/matrixone/pkg/fulltext/fixedbytepool.go:136.22,139.3 2 1
github.com/matrixorigin/matrixone/pkg/fulltext/fixedbytepool.go:140.2,144.18 3 1
github.com/matrixorigin/matrixone/pkg/fulltext/fixedbytepool.go:144.18,148.3 3 1
github.com/matrixorigin/matrixone/pkg/fulltext/fixedbytepool.go:152.69,153.42 1 1
github.com/matrixorigin/matrixone/pkg/fulltext/fixedbytepool.go:153.42,155.3 1 0
github.com/matrixorigin/matrixone/pkg/fulltext/fixedbytepool.go:157.2,157.18 1 1
github.com/matrixorigin/matrixone/pkg/fulltext/fixedbytepool.go:157.18,159.3 1 1
github.com/matrixorigin/matrixone/pkg/fulltext/fixedbytepool.go:161.2,168.42 8 1
github.com/matrixorigin/matrixone/pkg/fulltext/fixedbytepool.go:168.42,170.3 1 1
github.com/matrixorigin/matrixone/pkg/fulltext/fixedbytepool.go:171.2,171.21 1 1
github.com/matrixorigin/matrixone/pkg/fulltext/fixedbytepool.go:175.63,177.18 2 1
github.com/matrixorigin/matrixone/pkg/fulltext/fixedbytepool.go:177.18,179.3 1 1
github.com/matrixorigin/matrixone/pkg/fulltext/fixedbytepool.go:180.2,180.35 1 1
github.com/matrixorigin/matrixone/pkg/fulltext/fixedbytepool.go:180.35,182.3 1 0
github.com/matrixorigin/matrixone/pkg/fulltext/fixedbytepool.go:184.2,184.79 1 1
github.com/matrixorigin/matrixone/pkg/fulltext/fixedbytepool.go:188.65,189.22 1 1
github.com/matrixorigin/matrixone/pkg/fulltext/fixedbytepool.go:189.22,191.3 1 1
github.com/matrixorigin/matrixone/pkg/fulltext/fixedbytepool.go:193.2,195.22 3 1
github.com/matrixorigin/matrixone/pkg/fulltext/fixedbytepool.go:195.22,198.23 2 1
github.com/matrixorigin/matrixone/pkg/fulltext/fixedbytepool.go:198.23,201.4 2 1
github.com/matrixorigin/matrixone/pkg/fulltext/fixedbytepool.go:202.3,203.16 2 1
github.com/matrixorigin/matrixone/pkg/fulltext/fixedbytepool.go:205.2,205.17 1 1
github.com/matrixorigin/matrixone/pkg/fulltext/fixedbytepool.go:209.38,211.22 1 1
github.com/matrixorigin/matrixone/pkg/fulltext/fixedbytepool.go:211.22,213.3 1 0
github.com/matrixorigin/matrixone/pkg/fulltext/fixedbytepool.go:215.2,216.16 2 1
github.com/matrixorigin/matrixone/pkg/fulltext/fixedbytepool.go:216.16,218.3 1 0
github.com/matrixorigin/matrixone/pkg/fulltext/fixedbytepool.go:220.2,222.46 2 1
github.com/matrixorigin/matrixone/pkg/fulltext/fixedbytepool.go:222.46,224.3 1 0
github.com/matrixorigin/matrixone/pkg/fulltext/fixedbytepool.go:226.2,230.12 5 1
github.com/matrixorigin/matrixone/pkg/fulltext/fixedbytepool.go:236.40,237.19 1 1
github.com/matrixorigin/matrixone/pkg/fulltext/fixedbytepool.go:237.19,239.3 1 1
github.com/matrixorigin/matrixone/pkg/fulltext/fixedbytepool.go:241.2,244.16 3 1
github.com/matrixorigin/matrixone/pkg/fulltext/fixedbytepool.go:244.16,246.3 1 0
github.com/matrixorigin/matrixone/pkg/fulltext/fixedbytepool.go:247.2,247.15 1 1
github.com/matrixorigin/matrixone/pkg/fulltext/fixedbytepool.go:247.15,252.3 4 1
github.com/matrixorigin/matrixone/pkg/fulltext/fixedbytepool.go:255.2,257.16 3 1
github.com/matrixorigin/matrixone/pkg/fulltext/fixedbytepool.go:257.16,259.3 1 0
github.com/matrixorigin/matrixone/pkg/fulltext/fixedbytepool.go:261.2,262.16 2 1
github.com/matrixorigin/matrixone/pkg/fulltext/fixedbytepool.go:262.16,264.3 1 0
github.com/matrixorigin/matrixone/pkg/fulltext/fixedbytepool.go:265.2,265.27 1 1
github.com/matrixorigin/matrixone/pkg/fulltext/fixedbytepool.go:265.27,267.3 1 0
github.com/matrixorigin/matrixone/pkg/fulltext/fixedbytepool.go:269.2,269.12 1 1
github.com/matrixorigin/matrixone/pkg/fulltext/fixedbytepool.go:273.39,275.2 1 1
github.com/matrixorigin/matrixone/pkg/fulltext/fixedbytepool.go:278.47,280.2 1 1
github.com/matrixorigin/matrixone/pkg/fulltext/fixedbytepool.go:283.115,284.24 1 1
github.com/matrixorigin/matrixone/pkg/fulltext/fixedbytepool.go:284.24,286.3 1 0
github.com/matrixorigin/matrixone/pkg/fulltext/fixedbytepool.go:288.2,288.20 1 1
github.com/matrixorigin/matrixone/pkg/fulltext/fixedbytepool.go:288.20,290.3 1 1
github.com/matrixorigin/matrixone/pkg/fulltext/fixedbytepool.go:292.2,294.14 3 1
github.com/matrixorigin/matrixone/pkg/fulltext/fixedbytepool.go:300.73,303.12 2 1
github.com/matrixorigin/matrixone/pkg/fulltext/fixedbytepool.go:303.12,305.14 2 1
github.com/matrixorigin/matrixone/pkg/fulltext/fixedbytepool.go:305.14,307.4 1 1
github.com/matrixorigin/matrixone/pkg/fulltext/fixedbytepool.go:310.2,310.57 1 1
github.com/matrixorigin/matrixone/pkg/fulltext/fixedbytepool.go:310.57,313.17 2 1
github.com/matrixorigin/matrixone/pkg/fulltext/fixedbytepool.go:313.17,315.4 1 0
github.com/matrixorigin/matrixone/pkg/fulltext/fixedbytepool.go:319.2,321.16 3 1
github.com/matrixorigin/matrixone/pkg/fulltext/fixedbytepool.go:321.16,323.3 1 0
github.com/matrixorigin/matrixone/pkg/fulltext/fixedbytepool.go:325.2,329.23 4 1
github.com/matrixorigin/matrixone/pkg/fulltext/fixedbytepool.go:333.65,337.40 3 1
github.com/matrixorigin/matrixone/pkg/fulltext/fixedbytepool.go:337.40,339.3 1 0
github.com/matrixorigin/matrixone/pkg/fulltext/fixedbytepool.go:341.2,343.17 2 1
github.com/matrixorigin/matrixone/pkg/fulltext/fixedbytepool.go:343.17,345.17 2 1
github.com/matrixorigin/matrixone/pkg/fulltext/fixedbytepool.go:345.17,347.4 1 0
github.com/matrixorigin/matrixone/pkg/fulltext/fixedbytepool.go:348.3,348.40 1 1
github.com/matrixorigin/matrixone/pkg/fulltext/fixedbytepool.go:351.2,351.26 1 1
github.com/matrixorigin/matrixone/pkg/fulltext/fixedbytepool.go:355.56,358.40 3 1
github.com/matrixorigin/matrixone/pkg/fulltext/fixedbytepool.go:358.40,360.3 1 0
github.com/matrixorigin/matrixone/pkg/fulltext/fixedbytepool.go:362.2,364.16 3 1
github.com/matrixorigin/matrixone/pkg/fulltext/fixedbytepool.go:364.16,366.3 1 1
github.com/matrixorigin/matrixone/pkg/fulltext/fixedbytepool.go:367.2,368.12 2 1
github.com/matrixorigin/matrixone/pkg/fulltext/fixedbytepool.go:371.44,374.2 1 0
github.com/matrixorigin/matrixone/pkg/fulltext/fixedbytepool.go:377.36,378.36 1 1
github.com/matrixorigin/matrixone/pkg/fulltext/fixedbytepool.go:378.36,379.15 1 1
github.com/matrixorigin/matrixone/pkg/fulltext/fixedbytepool.go:379.15,382.4 2 1
github.com/matrixorigin/matrixone/pkg/fulltext/fixedbytepool.go:387.42,392.36 2 1
github.com/matrixorigin/matrixone/pkg/fulltext/fixedbytepool.go:392.36,393.18 1 1
github.com/matrixorigin/matrixone/pkg/fulltext/fixedbytepool.go:393.18,394.12 1 1
github.com/matrixorigin/matrixone/pkg/fulltext/fixedbytepool.go:396.3,396.66 1 1
github.com/matrixorigin/matrixone/pkg/fulltext/fixedbytepool.go:399.2,399.19 1 1
github.com/matrixorigin/matrixone/pkg/fulltext/fixedbytepool.go:399.19,401.3 1 0
github.com/matrixorigin/matrixone/pkg/fulltext/fixedbytepool.go:403.2,403.38 1 1
github.com/matrixorigin/matrixone/pkg/fulltext/fixedbytepool.go:403.38,405.3 1 1
github.com/matrixorigin/matrixone/pkg/fulltext/fixedbytepool.go:410.2,411.31 2 1
github.com/matrixorigin/matrixone/pkg/fulltext/fixedbytepool.go:411.31,413.3 1 1
github.com/matrixorigin/matrixone/pkg/fulltext/fixedbytepool.go:415.2,415.26 1 1
github.com/matrixorigin/matrixone/pkg/fulltext/fixedbytepool.go:415.26,417.3 1 1
github.com/matrixorigin/matrixone/pkg/fulltext/fixedbytepool.go:420.2,422.35 3 1
github.com/matrixorigin/matrixone/pkg/fulltext/fixedbytepool.go:422.35,425.20 2 1
github.com/matrixorigin/matrixone/pkg/fulltext/fixedbytepool.go:425.20,428.18 3 1
github.com/matrixorigin/matrixone/pkg/fulltext/fixedbytepool.go:428.18,430.5 1 0
github.com/matrixorigin/matrixone/pkg/fulltext/fixedbytepool.go:434.2,436.22 2 1
github.com/matrixorigin/matrixone/pkg/fulltext/fixedbytepool.go:436.22,438.3 1 0
github.com/matrixorigin/matrixone/pkg/fulltext/fixedbytepool.go:440.2,443.12 2 1
github.com/matrixorigin/matrixone/pkg/fulltext/fixedbytepool.go:454.72,456.2 1 1
github.com/matrixorigin/matrixone/pkg/fulltext/fixedbytepool.go:459.57,460.6 1 1
github.com/matrixorigin/matrixone/pkg/fulltext/fixedbytepool.go:460.6,461.40 1 1
github.com/matrixorigin/matrixone/pkg/fulltext/fixedbytepool.go:461.40,462.9 1 1
github.com/matrixorigin/matrixone/pkg/fulltext/fixedbytepool.go:465.3,466.18 2 1
github.com/matrixorigin/matrixone/pkg/fulltext/fixedbytepool.go:466.18,468.18 2 0
github.com/matrixorigin/matrixone/pkg/fulltext/fixedbytepool.go:468.18,470.5 1 0
github.com/matrixorigin/matrixone/pkg/fulltext/fixedbytepool.go:473.3,473.26 1 1
github.com/matrixorigin/matrixone/pkg/fulltext/fixedbytepool.go:473.26,480.12 4 1
github.com/matrixorigin/matrixone/pkg/fulltext/fixedbytepool.go:483.3,484.17 2 1
github.com/matrixorigin/matrixone/pkg/fulltext/fixedbytepool.go:484.17,486.4 1 0
github.com/matrixorigin/matrixone/pkg/fulltext/fixedbytepool.go:488.3,489.16 2 1
github.com/matrixorigin/matrixone/pkg/fulltext/fixedbytepool.go:492.2,492.17 1 1
github.com/matrixorigin/matrixone/pkg/fulltext/fulltext.go:48.146,51.16 2 1
github.com/matrixorigin/matrixone/pkg/fulltext/fulltext.go:51.16,53.3 1 0
github.com/matrixorigin/matrixone/pkg/fulltext/fulltext.go:55.2,57.109 2 1
github.com/matrixorigin/matrixone/pkg/fulltext/fulltext.go:61.62,64.23 2 1
github.com/matrixorigin/matrixone/pkg/fulltext/fulltext.go:64.23,65.23 1 1
github.com/matrixorigin/matrixone/pkg/fulltext/fulltext.go:65.23,67.4 1 1
github.com/matrixorigin/matrixone/pkg/fulltext/fulltext.go:70.2,70.15 1 1
github.com/matrixorigin/matrixone/pkg/fulltext/fulltext.go:73.49,76.23 2 1
github.com/matrixorigin/matrixone/pkg/fulltext/fulltext.go:76.23,77.48 1 1
github.com/matrixorigin/matrixone/pkg/fulltext/fulltext.go:77.48,79.4 1 1
github.com/matrixorigin/matrixone/pkg/fulltext/fulltext.go:82.2,82.15 1 1
github.com/matrixorigin/matrixone/pkg/fulltext/fulltext.go:85.45,87.2 1 1
github.com/matrixorigin/matrixone/pkg/fulltext/fulltext.go:89.44,90.23 1 1
github.com/matrixorigin/matrixone/pkg/fulltext/fulltext.go:90.23,91.47 1 1
github.com/matrixorigin/matrixone/pkg/fulltext/fulltext.go:91.47,93.4 1 1
github.com/matrixorigin/matrixone/pkg/fulltext/fulltext.go:95.2,95.14 1 1
github.com/matrixorigin/matrixone/pkg/fulltext/fulltext.go:99.93,103.17 3 0
github.com/matrixorigin/matrixone/pkg/fulltext/fulltext.go:103.17,105.3 1 0
github.com/matrixorigin/matrixone/pkg/fulltext/fulltext.go:107.2,107.30 1 0
github.com/matrixorigin/matrixone/pkg/fulltext/fulltext.go:107.30,109.17 2 0
github.com/matrixorigin/matrixone/pkg/fulltext/fulltext.go:109.17,111.4 1 0
github.com/matrixorigin/matrixone/pkg/fulltext/fulltext.go:114.2,114.20 1 0
github.com/matrixorigin/matrixone/pkg/fulltext/fulltext.go:118.35,119.46 1 1
github.com/matrixorigin/matrixone/pkg/fulltext/fulltext.go:119.46,121.3 1 1
github.com/matrixorigin/matrixone/pkg/fulltext/fulltext.go:123.2,124.24 2 1
github.com/matrixorigin/matrixone/pkg/fulltext/fulltext.go:124.24,126.3 1 1
github.com/matrixorigin/matrixone/pkg/fulltext/fulltext.go:126.8,129.3 1 1
github.com/matrixorigin/matrixone/pkg/fulltext/fulltext.go:130.2,130.31 1 1
github.com/matrixorigin/matrixone/pkg/fulltext/fulltext.go:130.31,131.12 1 1
github.com/matrixorigin/matrixone/pkg/fulltext/fulltext.go:131.12,133.4 1 1
github.com/matrixorigin/matrixone/pkg/fulltext/fulltext.go:134.3,134.20 1 1
github.com/matrixorigin/matrixone/pkg/fulltext/fulltext.go:137.2,138.12 2 1
github.com/matrixorigin/matrixone/pkg/fulltext/fulltext.go:141.47,142.46 1 1
github.com/matrixorigin/matrixone/pkg/fulltext/fulltext.go:142.46,144.3 1 1
github.com/matrixorigin/matrixone/pkg/fulltext/fulltext.go:146.2,147.31 2 1
github.com/matrixorigin/matrixone/pkg/fulltext/fulltext.go:147.31,148.12 1 1
github.com/matrixorigin/matrixone/pkg/fulltext/fulltext.go:148.12,150.4 1 1
github.com/matrixorigin/matrixone/pkg/fulltext/fulltext.go:151.3,151.32 1 1
github.com/matrixorigin/matrixone/pkg/fulltext/fulltext.go:154.2,155.12 2 1
github.com/matrixorigin/matrixone/pkg/fulltext/fulltext.go:159.54,160.28 1 0
github.com/matrixorigin/matrixone/pkg/fulltext/fulltext.go:160.28,162.3 1 0
github.com/matrixorigin/matrixone/pkg/fulltext/fulltext.go:164.2,165.31 2 0
github.com/matrixorigin/matrixone/pkg/fulltext/fulltext.go:165.31,167.3 1 0
github.com/matrixorigin/matrixone/pkg/fulltext/fulltext.go:168.2,168.12 1 0
github.com/matrixorigin/matrixone/pkg/fulltext/fulltext.go:172.143,176.14 3 1
github.com/matrixorigin/matrixone/pkg/fulltext/fulltext.go:176.14,180.3 2 1
github.com/matrixorigin/matrixone/pkg/fulltext/fulltext.go:182.2,182.19 1 1
github.com/matrixorigin/matrixone/pkg/fulltext/fulltext.go:182.19,184.3 1 1
github.com/matrixorigin/matrixone/pkg/fulltext/fulltext.go:186.2,187.21 2 1
github.com/matrixorigin/matrixone/pkg/fulltext/fulltext.go:188.18,193.30 5 1
github.com/matrixorigin/matrixone/pkg/fulltext/fulltext.go:195.17,203.32 6 1
github.com/matrixorigin/matrixone/pkg/fulltext/fulltext.go:206.2,206.21 1 1
github.com/matrixorigin/matrixone/pkg/fulltext/fulltext.go:206.21,208.3 1 0
github.com/matrixorigin/matrixone/pkg/fulltext/fulltext.go:208.8,210.3 1 1
github.com/matrixorigin/matrixone/pkg/fulltext/fulltext.go:212.2,212.20 1 1
github.com/matrixorigin/matrixone/pkg/fulltext/fulltext.go:217.122,218.19 1 1
github.com/matrixorigin/matrixone/pkg/fulltext/fulltext.go:218.19,221.3 2 0
github.com/matrixorigin/matrixone/pkg/fulltext/fulltext.go:223.2,223.19 1 1
github.com/matrixorigin/matrixone/pkg/fulltext/fulltext.go:223.19,225.3 1 1
github.com/matrixorigin/matrixone/pkg/fulltext/fulltext.go:227.2,227.21 1 1
github.com/matrixorigin/matrixone/pkg/fulltext/fulltext.go:227.21,229.3 1 1
github.com/matrixorigin/matrixone/pkg/fulltext/fulltext.go:230.2,230.20 1 1
github.com/matrixorigin/matrixone/pkg/fulltext/fulltext.go:235.120,236.19 1 1
github.com/matrixorigin/matrixone/pkg/fulltext/fulltext.go:236.19,239.3 2 0
github.com/matrixorigin/matrixone/pkg/fulltext/fulltext.go:241.2,241.37 1 1
github.com/matrixorigin/matrixone/pkg/fulltext/fulltext.go:241.37,243.3 1 1
github.com/matrixorigin/matrixone/pkg/fulltext/fulltext.go:245.2,245.20 1 1
github.com/matrixorigin/matrixone/pkg/fulltext/fulltext.go:250.119,251.19 1 1
github.com/matrixorigin/matrixone/pkg/fulltext/fulltext.go:251.19,254.3 2 0
github.com/matrixorigin/matrixone/pkg/fulltext/fulltext.go:256.2,256.18 1 1
github.com/matrixorigin/matrixone/pkg/fulltext/fulltext.go:256.18,258.3 1 1
github.com/matrixorigin/matrixone/pkg/fulltext/fulltext.go:260.2,260.20 1 1
github.com/matrixorigin/matrixone/pkg/fulltext/fulltext.go:265.116,266.19 1 1
github.com/matrixorigin/matrixone/pkg/fulltext/fulltext.go:266.19,268.3 1 0
github.com/matrixorigin/matrixone/pkg/fulltext/fulltext.go:270.2,270.18 1 1
github.com/matrixorigin/matrixone/pkg/fulltext/fulltext.go:270.18,271.23 1 1
github.com/matrixorigin/matrixone/pkg/fulltext/fulltext.go:271.23,273.4 1 1
github.com/matrixorigin/matrixone/pkg/fulltext/fulltext.go:273.9,275.4 1 1
github.com/matrixorigin/matrixone/pkg/fulltext/fulltext.go:278.2,278.20 1 1
github.com/matrixorigin/matrixone/pkg/fulltext/fulltext.go:328.39,329.20 1 1
github.com/matrixorigin/matrixone/pkg/fulltext/fulltext.go:330.16,331.22 1 1
github.com/matrixorigin/matrixone/pkg/fulltext/fulltext.go:332.19,333.22 1 1
github.com/matrixorigin/matrixone/pkg/fulltext/fulltext.go:334.16,335.23 1 1
github.com/matrixorigin/matrixone/pkg/fulltext/fulltext.go:336.10,337.22 1 0
github.com/matrixorigin/matrixone/pkg/fulltext/fulltext.go:342.117,343.19 1 1
github.com/matrixorigin/matrixone/pkg/fulltext/fulltext.go:343.19,345.3 1 0
github.com/matrixorigin/matrixone/pkg/fulltext/fulltext.go:347.2,347.18 1 1
github.com/matrixorigin/matrixone/pkg/fulltext/fulltext.go:347.18,348.22 1 1
github.com/matrixorigin/matrixone/pkg/fulltext/fulltext.go:348.22,350.26 1 1
github.com/matrixorigin/matrixone/pkg/fulltext/fulltext.go:350.26,352.5 1 0
github.com/matrixorigin/matrixone/pkg/fulltext/fulltext.go:353.9,355.4 1 1
github.com/matrixorigin/matrixone/pkg/fulltext/fulltext.go:357.2,357.20 1 1
github.com/matrixorigin/matrixone/pkg/fulltext/fulltext.go:361.143,362.20 1 1
github.com/matrixorigin/matrixone/pkg/fulltext/fulltext.go:363.18,366.20 1 1
github.com/matrixorigin/matrixone/pkg/fulltext/fulltext.go:366.20,368.4 1 1
github.com/matrixorigin/matrixone/pkg/fulltext/fulltext.go:368.9,370.18 2 1
github.com/matrixorigin/matrixone/pkg/fulltext/fulltext.go:370.18,372.5 1 0
github.com/matrixorigin/matrixone/pkg/fulltext/fulltext.go:373.4,373.30 1 1
github.com/matrixorigin/matrixone/pkg/fulltext/fulltext.go:373.30,375.5 1 1
github.com/matrixorigin/matrixone/pkg/fulltext/fulltext.go:375.10,377.5 1 1
github.com/matrixorigin/matrixone/pkg/fulltext/fulltext.go:380.12,381.20 1 1
github.com/matrixorigin/matrixone/pkg/fulltext/fulltext.go:381.20,383.4 1 1
github.com/matrixorigin/matrixone/pkg/fulltext/fulltext.go:383.9,385.18 2 0
github.com/matrixorigin/matrixone/pkg/fulltext/fulltext.go:385.18,387.5 1 0
github.com/matrixorigin/matrixone/pkg/fulltext/fulltext.go:388.4,388.70 1 0
github.com/matrixorigin/matrixone/pkg/fulltext/fulltext.go:391.12,392.20 1 1
github.com/matrixorigin/matrixone/pkg/fulltext/fulltext.go:392.20,394.4 1 1
github.com/matrixorigin/matrixone/pkg/fulltext/fulltext.go:394.9,396.18 2 1
github.com/matrixorigin/matrixone/pkg/fulltext/fulltext.go:396.18,398.5 1 0
github.com/matrixorigin/matrixone/pkg/fulltext/fulltext.go:400.4,400.70 1 1
github.com/matrixorigin/matrixone/pkg/fulltext/fulltext.go:402.13,403.20 1 1
github.com/matrixorigin/matrixone/pkg/fulltext/fulltext.go:403.20,406.4 2 0
github.com/matrixorigin/matrixone/pkg/fulltext/fulltext.go:406.9,408.18 2 1
github.com/matrixorigin/matrixone/pkg/fulltext/fulltext.go:408.18,410.5 1 0
github.com/matrixorigin/matrixone/pkg/fulltext/fulltext.go:412.4,412.67 1 1
github.com/matrixorigin/matrixone/pkg/fulltext/fulltext.go:415.29,419.20 2 1
github.com/matrixorigin/matrixone/pkg/fulltext/fulltext.go:419.20,421.4 1 1
github.com/matrixorigin/matrixone/pkg/fulltext/fulltext.go:421.9,423.18 2 0
github.com/matrixorigin/matrixone/pkg/fulltext/fulltext.go:423.18,425.5 1 0
github.com/matrixorigin/matrixone/pkg/fulltext/fulltext.go:427.4,427.64 1 0
github.com/matrixorigin/matrixone/pkg/fulltext/fulltext.go:429.16,433.20 2 1
github.com/matrixorigin/matrixone/pkg/fulltext/fulltext.go:433.20,435.4 1 0
github.com/matrixorigin/matrixone/pkg/fulltext/fulltext.go:435.9,437.18 2 1
github.com/matrixorigin/matrixone/pkg/fulltext/fulltext.go:437.18,439.5 1 0
github.com/matrixorigin/matrixone/pkg/fulltext/fulltext.go:442.4,442.30 1 1
github.com/matrixorigin/matrixone/pkg/fulltext/fulltext.go:442.30,444.5 1 1
github.com/matrixorigin/matrixone/pkg/fulltext/fulltext.go:444.10,446.5 1 0
github.com/matrixorigin/matrixone/pkg/fulltext/fulltext.go:448.13,450.32 2 1
github.com/matrixorigin/matrixone/pkg/fulltext/fulltext.go:450.32,452.18 2 1
github.com/matrixorigin/matrixone/pkg/fulltext/fulltext.go:452.18,454.5 1 0
github.com/matrixorigin/matrixone/pkg/fulltext/fulltext.go:457.4,458.18 2 1
github.com/matrixorigin/matrixone/pkg/fulltext/fulltext.go:458.18,460.5 1 0
github.com/matrixorigin/matrixone/pkg/fulltext/fulltext.go:463.3,463.21 1 1
github.com/matrixorigin/matrixone/pkg/fulltext/fulltext.go:464.14,466.32 1 1
github.com/matrixorigin/matrixone/pkg/fulltext/fulltext.go:466.32,468.18 2 1
github.com/matrixorigin/matrixone/pkg/fulltext/fulltext.go:468.18,470.5 1 0
github.com/matrixorigin/matrixone/pkg/fulltext/fulltext.go:472.4,472.14 1 1
github.com/matrixorigin/matrixone/pkg/fulltext/fulltext.go:472.14,474.5 1 1
github.com/matrixorigin/matrixone/pkg/fulltext/fulltext.go:474.10,477.19 2 1
github.com/matrixorigin/matrixone/pkg/fulltext/fulltext.go:477.19,479.6 1 0
github.com/matrixorigin/matrixone/pkg/fulltext/fulltext.go:484.3,484.21 1 1
github.com/matrixorigin/matrixone/pkg/fulltext/fulltext.go:485.10,486.64 1 0
github.com/matrixorigin/matrixone/pkg/fulltext/fulltext.go:491.36,492.20 1 1
github.com/matrixorigin/matrixone/pkg/fulltext/fulltext.go:493.19,494.27 1 1
github.com/matrixorigin/matrixone/pkg/fulltext/fulltext.go:494.27,496.4 1 0
github.com/matrixorigin/matrixone/pkg/fulltext/fulltext.go:497.3,497.32 1 1
github.com/matrixorigin/matrixone/pkg/fulltext/fulltext.go:497.32,498.73 1 1
github.com/matrixorigin/matrixone/pkg/fulltext/fulltext.go:498.73,500.5 1 1
github.com/matrixorigin/matrixone/pkg/fulltext/fulltext.go:503.3,503.32 1 1
github.com/matrixorigin/matrixone/pkg/fulltext/fulltext.go:503.32,505.18 2 1
github.com/matrixorigin/matrixone/pkg/fulltext/fulltext.go:505.18,507.5 1 1
github.com/matrixorigin/matrixone/pkg/fulltext/fulltext.go:510.18,511.26 1 1
github.com/matrixorigin/matrixone/pkg/fulltext/fulltext.go:511.26,513.4 1 0
github.com/matrixorigin/matrixone/pkg/fulltext/fulltext.go:514.14,515.32 1 1
github.com/matrixorigin/matrixone/pkg/fulltext/fulltext.go:515.32,516.26 1 1
github.com/matrixorigin/matrixone/pkg/fulltext/fulltext.go:516.26,518.5 1 0
github.com/matrixorigin/matrixone/pkg/fulltext/fulltext.go:520.13,521.27 1 1
github.com/matrixorigin/matrixone/pkg/fulltext/fulltext.go:521.27,523.4 1 0
github.com/matrixorigin/matrixone/pkg/fulltext/fulltext.go:525.3,525.32 1 1
github.com/matrixorigin/matrixone/pkg/fulltext/fulltext.go:525.32,526.73 1 1
github.com/matrixorigin/matrixone/pkg/fulltext/fulltext.go:526.73,528.5 1 1
github.com/matrixorigin/matrixone/pkg/fulltext/fulltext.go:531.3,531.32 1 1
github.com/matrixorigin/matrixone/pkg/fulltext/fulltext.go:531.32,533.18 2 1
github.com/matrixorigin/matrixone/pkg/fulltext/fulltext.go:533.18,535.5 1 1
github.com/matrixorigin/matrixone/pkg/fulltext/fulltext.go:537.10,539.27 1 1
github.com/matrixorigin/matrixone/pkg/fulltext/fulltext.go:539.27,541.4 1 0
github.com/matrixorigin/matrixone/pkg/fulltext/fulltext.go:542.3,542.32 1 1
github.com/matrixorigin/matrixone/pkg/fulltext/fulltext.go:542.32,543.71 1 1
github.com/matrixorigin/matrixone/pkg/fulltext/fulltext.go:543.71,545.5 1 1
github.com/matrixorigin/matrixone/pkg/fulltext/fulltext.go:548.3,548.32 1 1
github.com/matrixorigin/matrixone/pkg/fulltext/fulltext.go:548.32,550.18 2 1
github.com/matrixorigin/matrixone/pkg/fulltext/fulltext.go:550.18,552.5 1 1
github.com/matrixorigin/matrixone/pkg/fulltext/fulltext.go:556.2,556.12 1 1
github.com/matrixorigin/matrixone/pkg/fulltext/fulltext.go:559.25,560.12 1 1
github.com/matrixorigin/matrixone/pkg/fulltext/fulltext.go:561.11,562.14 1 1
github.com/matrixorigin/matrixone/pkg/fulltext/fulltext.go:563.11,564.15 1 1
github.com/matrixorigin/matrixone/pkg/fulltext/fulltext.go:565.11,566.18 1 1
github.com/matrixorigin/matrixone/pkg/fulltext/fulltext.go:567.11,568.21 1 1
github.com/matrixorigin/matrixone/pkg/fulltext/fulltext.go:569.11,570.18 1 1
github.com/matrixorigin/matrixone/pkg/fulltext/fulltext.go:579.10,580.14 1 1
github.com/matrixorigin/matrixone/pkg/fulltext/fulltext.go:584.43,591.2 5 0
github.com/matrixorigin/matrixone/pkg/fulltext/fulltext.go:594.54,595.23 1 1
github.com/matrixorigin/matrixone/pkg/fulltext/fulltext.go:595.23,597.3 1 0
github.com/matrixorigin/matrixone/pkg/fulltext/fulltext.go:598.2,606.32 7 1
github.com/matrixorigin/matrixone/pkg/fulltext/fulltext.go:606.32,610.17 3 1
github.com/matrixorigin/matrixone/pkg/fulltext/fulltext.go:610.17,612.4 1 0
github.com/matrixorigin/matrixone/pkg/fulltext/fulltext.go:613.3,613.68 1 1
github.com/matrixorigin/matrixone/pkg/fulltext/fulltext.go:617.2,618.22 2 1
github.com/matrixorigin/matrixone/pkg/fulltext/fulltext.go:618.22,619.20 1 1
github.com/matrixorigin/matrixone/pkg/fulltext/fulltext.go:619.20,621.4 1 1
github.com/matrixorigin/matrixone/pkg/fulltext/fulltext.go:622.3,622.58 1 1
github.com/matrixorigin/matrixone/pkg/fulltext/fulltext.go:626.2,628.16 3 1
github.com/matrixorigin/matrixone/pkg/fulltext/fulltext.go:628.16,630.3 1 0
github.com/matrixorigin/matrixone/pkg/fulltext/fulltext.go:631.2,631.70 1 1
github.com/matrixorigin/matrixone/pkg/fulltext/fulltext.go:634.54,640.30 4 1
github.com/matrixorigin/matrixone/pkg/fulltext/fulltext.go:640.30,641.15 1 1
github.com/matrixorigin/matrixone/pkg/fulltext/fulltext.go:641.15,642.15 1 1
github.com/matrixorigin/matrixone/pkg/fulltext/fulltext.go:642.15,643.13 1 1
github.com/matrixorigin/matrixone/pkg/fulltext/fulltext.go:644.10,646.5 1 1
github.com/matrixorigin/matrixone/pkg/fulltext/fulltext.go:647.4,647.18 1 1
github.com/matrixorigin/matrixone/pkg/fulltext/fulltext.go:648.9,649.15 1 1
github.com/matrixorigin/matrixone/pkg/fulltext/fulltext.go:649.15,652.5 1 1
github.com/matrixorigin/matrixone/pkg/fulltext/fulltext.go:653.4,653.19 1 1
github.com/matrixorigin/matrixone/pkg/fulltext/fulltext.go:657.2,662.24 4 1
github.com/matrixorigin/matrixone/pkg/fulltext/fulltext.go:662.24,664.3 1 1
github.com/matrixorigin/matrixone/pkg/fulltext/fulltext.go:666.2,666.17 1 1
github.com/matrixorigin/matrixone/pkg/fulltext/fulltext.go:671.68,673.74 1 1
github.com/matrixorigin/matrixone/pkg/fulltext/fulltext.go:673.74,676.19 2 1
github.com/matrixorigin/matrixone/pkg/fulltext/fulltext.go:676.19,678.4 1 0
github.com/matrixorigin/matrixone/pkg/fulltext/fulltext.go:680.3,680.25 1 1
github.com/matrixorigin/matrixone/pkg/fulltext/fulltext.go:683.2,692.30 7 1
github.com/matrixorigin/matrixone/pkg/fulltext/fulltext.go:692.30,694.18 1 1
github.com/matrixorigin/matrixone/pkg/fulltext/fulltext.go:694.18,695.16 1 1
github.com/matrixorigin/matrixone/pkg/fulltext/fulltext.go:695.16,697.13 2 1
github.com/matrixorigin/matrixone/pkg/fulltext/fulltext.go:700.4,700.16 1 1
github.com/matrixorigin/matrixone/pkg/fulltext/fulltext.go:700.16,701.30 1 1
github.com/matrixorigin/matrixone/pkg/fulltext/fulltext.go:701.30,703.6 1 1
github.com/matrixorigin/matrixone/pkg/fulltext/fulltext.go:704.10,706.21 2 1
github.com/matrixorigin/matrixone/pkg/fulltext/fulltext.go:706.21,710.20 3 1
github.com/matrixorigin/matrixone/pkg/fulltext/fulltext.go:710.20,712.7 1 0
github.com/matrixorigin/matrixone/pkg/fulltext/fulltext.go:713.6,716.20 3 1
github.com/matrixorigin/matrixone/pkg/fulltext/fulltext.go:719.4,719.12 1 1
github.com/matrixorigin/matrixone/pkg/fulltext/fulltext.go:722.3,722.15 1 1
github.com/matrixorigin/matrixone/pkg/fulltext/fulltext.go:722.15,723.16 1 1
github.com/matrixorigin/matrixone/pkg/fulltext/fulltext.go:723.16,728.19 3 1
github.com/matrixorigin/matrixone/pkg/fulltext/fulltext.go:728.19,730.6 1 0
github.com/matrixorigin/matrixone/pkg/fulltext/fulltext.go:731.5,731.31 1 1
github.com/matrixorigin/matrixone/pkg/fulltext/fulltext.go:732.10,732.23 1 1
github.com/matrixorigin/matrixone/pkg/fulltext/fulltext.go:732.23,733.30 1 1
github.com/matrixorigin/matrixone/pkg/fulltext/fulltext.go:733.30,735.6 1 0
github.com/matrixorigin/matrixone/pkg/fulltext/fulltext.go:737.5,738.12 2 1
github.com/matrixorigin/matrixone/pkg/fulltext/fulltext.go:739.10,741.30 2 1
github.com/matrixorigin/matrixone/pkg/fulltext/fulltext.go:741.30,743.20 2 1
github.com/matrixorigin/matrixone/pkg/fulltext/fulltext.go:743.20,745.7 1 0
github.com/matrixorigin/matrixone/pkg/fulltext/fulltext.go:746.6,746.32 1 1
github.com/matrixorigin/matrixone/pkg/fulltext/fulltext.go:750.4,750.12 1 1
github.com/matrixorigin/matrixone/pkg/fulltext/fulltext.go:754.3,754.15 1 1
github.com/matrixorigin/matrixone/pkg/fulltext/fulltext.go:754.15,756.12 1 1
github.com/matrixorigin/matrixone/pkg/fulltext/fulltext.go:760.3,764.19 4 1
github.com/matrixorigin/matrixone/pkg/fulltext/fulltext.go:764.19,765.16 1 1
github.com/matrixorigin/matrixone/pkg/fulltext/fulltext.go:765.16,766.30 1 1
github.com/matrixorigin/matrixone/pkg/fulltext/fulltext.go:766.30,768.6 1 0
github.com/matrixorigin/matrixone/pkg/fulltext/fulltext.go:771.5,771.17 1 1
github.com/matrixorigin/matrixone/pkg/fulltext/fulltext.go:777.2,777.20 1 1
github.com/matrixorigin/matrixone/pkg/fulltext/fulltext.go:781.55,783.86 1 1
github.com/matrixorigin/matrixone/pkg/fulltext/fulltext.go:783.86,787.3 3 1
github.com/matrixorigin/matrixone/pkg/fulltext/fulltext.go:788.2,788.37 1 1
github.com/matrixorigin/matrixone/pkg/fulltext/fulltext.go:788.37,790.3 1 1
github.com/matrixorigin/matrixone/pkg/fulltext/fulltext.go:793.77,794.58 1 1
github.com/matrixorigin/matrixone/pkg/fulltext/fulltext.go:794.58,797.3 2 1
github.com/matrixorigin/matrixone/pkg/fulltext/fulltext.go:799.2,799.37 1 1
github.com/matrixorigin/matrixone/pkg/fulltext/fulltext.go:799.37,801.3 1 1
github.com/matrixorigin/matrixone/pkg/fulltext/fulltext.go:802.2,802.12 1 1
github.com/matrixorigin/matrixone/pkg/fulltext/fulltext.go:806.49,807.86 1 1
github.com/matrixorigin/matrixone/pkg/fulltext/fulltext.go:807.86,810.3 2 1
github.com/matrixorigin/matrixone/pkg/fulltext/fulltext.go:812.2,812.37 1 1
github.com/matrixorigin/matrixone/pkg/fulltext/fulltext.go:812.37,814.3 1 1
github.com/matrixorigin/matrixone/pkg/fulltext/fulltext.go:817.51,819.23 2 1
github.com/matrixorigin/matrixone/pkg/fulltext/fulltext.go:819.23,821.3 1 1
github.com/matrixorigin/matrixone/pkg/fulltext/fulltext.go:822.2,822.12 1 1
github.com/matrixorigin/matrixone/pkg/fulltext/fulltext.go:826.63,830.33 3 1
github.com/matrixorigin/matrixone/pkg/fulltext/fulltext.go:830.33,832.3 1 1
github.com/matrixorigin/matrixone/pkg/fulltext/fulltext.go:834.2,842.32 6 1
github.com/matrixorigin/matrixone/pkg/fulltext/fulltext.go:842.32,849.63 5 1
github.com/matrixorigin/matrixone/pkg/fulltext/fulltext.go:849.63,852.12 2 1
github.com/matrixorigin/matrixone/pkg/fulltext/fulltext.go:855.3,859.34 4 1
github.com/matrixorigin/matrixone/pkg/fulltext/fulltext.go:859.34,861.25 2 1
github.com/matrixorigin/matrixone/pkg/fulltext/fulltext.go:861.25,863.33 1 1
github.com/matrixorigin/matrixone/pkg/fulltext/fulltext.go:863.33,867.33 4 1
github.com/matrixorigin/matrixone/pkg/fulltext/fulltext.go:867.33,870.38 2 1
github.com/matrixorigin/matrixone/pkg/fulltext/fulltext.go:870.38,872.8 1 0
github.com/matrixorigin/matrixone/pkg/fulltext/fulltext.go:872.13,874.8 1 1
github.com/matrixorigin/matrixone/pkg/fulltext/fulltext.go:875.7,876.12 2 1
github.com/matrixorigin/matrixone/pkg/fulltext/fulltext.go:880.4,880.14 1 1
github.com/matrixorigin/matrixone/pkg/fulltext/fulltext.go:880.14,882.5 1 1
github.com/matrixorigin/matrixone/pkg/fulltext/fulltext.go:883.9,885.4 1 1
github.com/matrixorigin/matrixone/pkg/fulltext/fulltext.go:888.3,888.26 1 1
github.com/matrixorigin/matrixone/pkg/fulltext/fulltext.go:892.2,892.20 1 1
github.com/matrixorigin/matrixone/pkg/fulltext/fulltext.go:892.20,894.3 1 1
github.com/matrixorigin/matrixone/pkg/fulltext/fulltext.go:897.2,898.25 2 1
github.com/matrixorigin/matrixone/pkg/fulltext/fulltext.go:898.25,900.3 1 1
github.com/matrixorigin/matrixone/pkg/fulltext/fulltext.go:902.2,902.18 1 1
github.com/matrixorigin/matrixone/pkg/fulltext/fulltext.go:905.52,911.23 3 1
github.com/matrixorigin/matrixone/pkg/fulltext/fulltext.go:911.23,912.25 1 1
github.com/matrixorigin/matrixone/pkg/fulltext/fulltext.go:912.25,913.98 1 1
github.com/matrixorigin/matrixone/pkg/fulltext/fulltext.go:913.98,916.5 2 1
github.com/matrixorigin/matrixone/pkg/fulltext/fulltext.go:921.2,921.29 1 1
github.com/matrixorigin/matrixone/pkg/fulltext/fulltext.go:921.29,923.3 1 1
github.com/matrixorigin/matrixone/pkg/fulltext/fulltext.go:925.2,929.20 4 1
github.com/matrixorigin/matrixone/pkg/fulltext/fulltext.go:929.20,931.28 2 1
github.com/matrixorigin/matrixone/pkg/fulltext/fulltext.go:931.28,932.16 1 1
github.com/matrixorigin/matrixone/pkg/fulltext/fulltext.go:932.16,934.10 2 1
github.com/matrixorigin/matrixone/pkg/fulltext/fulltext.go:937.3,937.15 1 1
github.com/matrixorigin/matrixone/pkg/fulltext/fulltext.go:937.15,939.4 1 1
github.com/matrixorigin/matrixone/pkg/fulltext/fulltext.go:942.2,942.12 1 1
github.com/matrixorigin/matrixone/pkg/fulltext/fulltext.go:946.67,947.14 1 1
github.com/matrixorigin/matrixone/pkg/fulltext/fulltext.go:948.61,951.17 2 1
github.com/matrixorigin/matrixone/pkg/fulltext/fulltext.go:951.17,953.4 1 1
github.com/matrixorigin/matrixone/pkg/fulltext/fulltext.go:954.3,954.17 1 1
github.com/matrixorigin/matrixone/pkg/fulltext/fulltext.go:955.85,956.80 1 1
github.com/matrixorigin/matrixone/pkg/fulltext/fulltext.go:957.36,963.17 3 1
github.com/matrixorigin/matrixone/pkg/fulltext/fulltext.go:963.17,965.4 1 1
github.com/matrixorigin/matrixone/pkg/fulltext/fulltext.go:968.3,968.24 1 1
github.com/matrixorigin/matrixone/pkg/fulltext/fulltext.go:968.24,970.18 2 1
github.com/matrixorigin/matrixone/pkg/fulltext/fulltext.go:970.18,972.5 1 1
github.com/matrixorigin/matrixone/pkg/fulltext/fulltext.go:978.3,992.28 10 1
github.com/matrixorigin/matrixone/pkg/fulltext/fulltext.go:992.28,994.4 1 1
github.com/matrixorigin/matrixone/pkg/fulltext/fulltext.go:995.3,995.21 1 1
github.com/matrixorigin/matrixone/pkg/fulltext/fulltext.go:996.10,997.74 1 0
github.com/matrixorigin/matrixone/pkg/fulltext/fulltext.go:1002.69,1005.16 3 0
github.com/matrixorigin/matrixone/pkg/fulltext/fulltext.go:1005.16,1007.3 1 0
github.com/matrixorigin/matrixone/pkg/fulltext/fulltext.go:1008.2,1008.16 1 0
github.com/matrixorigin/matrixone/pkg/fulltext/fulltext.go:1008.16,1010.41 2 0
github.com/matrixorigin/matrixone/pkg/fulltext/fulltext.go:1010.41,1012.4 1 0
github.com/matrixorigin/matrixone/pkg/fulltext/fulltext.go:1014.2,1014.23 1 0
github.com/matrixorigin/matrixone/pkg/fulltext/sql.go:112.32,114.2 1 1
github.com/matrixorigin/matrixone/pkg/fulltext/sql.go:116.71,117.77 1 1
github.com/matrixorigin/matrixone/pkg/fulltext/sql.go:117.77,119.3 1 1
github.com/matrixorigin/matrixone/pkg/fulltext/sql.go:120.2,120.18 1 1
github.com/matrixorigin/matrixone/pkg/fulltext/sql.go:120.18,122.3 1 0
github.com/matrixorigin/matrixone/pkg/fulltext/sql.go:123.2,124.20 2 1
github.com/matrixorigin/matrixone/pkg/fulltext/sql.go:125.18,126.17 1 1
github.com/matrixorigin/matrixone/pkg/fulltext/sql.go:127.12,128.27 1 0
github.com/matrixorigin/matrixone/pkg/fulltext/sql.go:128.27,129.34 1 0
github.com/matrixorigin/matrixone/pkg/fulltext/sql.go:130.20,131.31 1 0
github.com/matrixorigin/matrixone/pkg/fulltext/sql.go:135.2,135.19 1 0
github.com/matrixorigin/matrixone/pkg/fulltext/sql.go:138.59,140.2 1 1
github.com/matrixorigin/matrixone/pkg/fulltext/sql.go:142.28,144.2 1 1
github.com/matrixorigin/matrixone/pkg/fulltext/sql.go:146.59,147.20 1 1
github.com/matrixorigin/matrixone/pkg/fulltext/sql.go:148.12,149.57 1 1
github.com/matrixorigin/matrixone/pkg/fulltext/sql.go:150.12,151.35 1 1
github.com/matrixorigin/matrixone/pkg/fulltext/sql.go:151.35,153.4 1 0
github.com/matrixorigin/matrixone/pkg/fulltext/sql.go:154.3,154.82 1 1
github.com/matrixorigin/matrixone/pkg/fulltext/sql.go:155.10,156.105 1 0
github.com/matrixorigin/matrixone/pkg/fulltext/sql.go:160.107,162.9 2 1
github.com/matrixorigin/matrixone/pkg/fulltext/sql.go:162.9,164.3 1 1
github.com/matrixorigin/matrixone/pkg/fulltext/sql.go:165.2,166.16 2 1
github.com/matrixorigin/matrixone/pkg/fulltext/sql.go:166.16,168.3 1 0
github.com/matrixorigin/matrixone/pkg/fulltext/sql.go:169.2,172.14 1 1
github.com/matrixorigin/matrixone/pkg/fulltext/sql.go:175.130,177.9 2 1
github.com/matrixorigin/matrixone/pkg/fulltext/sql.go:177.9,179.3 1 1
github.com/matrixorigin/matrixone/pkg/fulltext/sql.go:180.2,181.16 2 1
github.com/matrixorigin/matrixone/pkg/fulltext/sql.go:181.16,183.3 1 0
github.com/matrixorigin/matrixone/pkg/fulltext/sql.go:185.2,192.14 2 1
github.com/matrixorigin/matrixone/pkg/fulltext/sql.go:195.87,196.77 1 1
github.com/matrixorigin/matrixone/pkg/fulltext/sql.go:196.77,198.3 1 0
github.com/matrixorigin/matrixone/pkg/fulltext/sql.go:199.2,199.18 1 1
github.com/matrixorigin/matrixone/pkg/fulltext/sql.go:199.18,201.3 1 0
github.com/matrixorigin/matrixone/pkg/fulltext/sql.go:202.2,203.16 2 1
github.com/matrixorigin/matrixone/pkg/fulltext/sql.go:203.16,205.3 1 0
github.com/matrixorigin/matrixone/pkg/fulltext/sql.go:206.2,206.86 1 1
github.com/matrixorigin/matrixone/pkg/fulltext/sql.go:209.100,210.77 1 1
github.com/matrixorigin/matrixone/pkg/fulltext/sql.go:210.77,212.3 1 0
github.com/matrixorigin/matrixone/pkg/fulltext/sql.go:213.2,213.18 1 1
github.com/matrixorigin/matrixone/pkg/fulltext/sql.go:213.18,215.3 1 0
github.com/matrixorigin/matrixone/pkg/fulltext/sql.go:216.2,217.16 2 1
github.com/matrixorigin/matrixone/pkg/fulltext/sql.go:217.16,219.3 1 0
github.com/matrixorigin/matrixone/pkg/fulltext/sql.go:220.2,220.145 1 1
github.com/matrixorigin/matrixone/pkg/fulltext/sql.go:223.153,224.77 1 1
github.com/matrixorigin/matrixone/pkg/fulltext/sql.go:224.77,226.3 1 0
github.com/matrixorigin/matrixone/pkg/fulltext/sql.go:227.2,227.18 1 1
github.com/matrixorigin/matrixone/pkg/fulltext/sql.go:227.18,229.3 1 1
github.com/matrixorigin/matrixone/pkg/fulltext/sql.go:230.2,231.16 2 1
github.com/matrixorigin/matrixone/pkg/fulltext/sql.go:231.16,233.3 1 0
github.com/matrixorigin/matrixone/pkg/fulltext/sql.go:234.2,239.14 2 1
github.com/matrixorigin/matrixone/pkg/fulltext/sql.go:245.87,247.28 1 1
github.com/matrixorigin/matrixone/pkg/fulltext/sql.go:247.28,250.3 2 0
github.com/matrixorigin/matrixone/pkg/fulltext/sql.go:252.2,253.16 2 1
github.com/matrixorigin/matrixone/pkg/fulltext/sql.go:253.16,255.3 1 0
github.com/matrixorigin/matrixone/pkg/fulltext/sql.go:257.2,258.16 2 1
github.com/matrixorigin/matrixone/pkg/fulltext/sql.go:258.16,260.3 1 0
github.com/matrixorigin/matrixone/pkg/fulltext/sql.go:262.2,262.17 1 1
github.com/matrixorigin/matrixone/pkg/fulltext/sql.go:268.95,275.28 5 1
github.com/matrixorigin/matrixone/pkg/fulltext/sql.go:275.28,279.26 4 1
github.com/matrixorigin/matrixone/pkg/fulltext/sql.go:279.26,282.18 2 1
github.com/matrixorigin/matrixone/pkg/fulltext/sql.go:282.18,284.5 1 0
github.com/matrixorigin/matrixone/pkg/fulltext/sql.go:285.4,288.112 2 1
github.com/matrixorigin/matrixone/pkg/fulltext/sql.go:290.9,292.28 1 1
github.com/matrixorigin/matrixone/pkg/fulltext/sql.go:292.28,294.5 1 0
github.com/matrixorigin/matrixone/pkg/fulltext/sql.go:295.4,297.112 3 1
github.com/matrixorigin/matrixone/pkg/fulltext/sql.go:300.3,301.33 2 1
github.com/matrixorigin/matrixone/pkg/fulltext/sql.go:304.2,304.19 1 1
github.com/matrixorigin/matrixone/pkg/fulltext/sql.go:310.91,321.28 8 1
github.com/matrixorigin/matrixone/pkg/fulltext/sql.go:321.28,325.26 4 1
github.com/matrixorigin/matrixone/pkg/fulltext/sql.go:325.26,327.18 2 1
github.com/matrixorigin/matrixone/pkg/fulltext/sql.go:327.18,329.5 1 0
github.com/matrixorigin/matrixone/pkg/fulltext/sql.go:330.4,334.12 3 1
github.com/matrixorigin/matrixone/pkg/fulltext/sql.go:335.9,336.28 1 0
github.com/matrixorigin/matrixone/pkg/fulltext/sql.go:336.28,338.5 1 0
github.com/matrixorigin/matrixone/pkg/fulltext/sql.go:339.4,342.12 4 0
github.com/matrixorigin/matrixone/pkg/fulltext/sql.go:346.2,347.24 2 1
github.com/matrixorigin/matrixone/pkg/fulltext/sql.go:347.24,348.12 1 1
github.com/matrixorigin/matrixone/pkg/fulltext/sql.go:348.12,350.4 1 1
github.com/matrixorigin/matrixone/pkg/fulltext/sql.go:353.2,361.33 6 1
github.com/matrixorigin/matrixone/pkg/fulltext/sql.go:367.120,372.12 3 1
github.com/matrixorigin/matrixone/pkg/fulltext/sql.go:372.12,373.25 1 1
github.com/matrixorigin/matrixone/pkg/fulltext/sql.go:373.25,375.4 1 1
github.com/matrixorigin/matrixone/pkg/fulltext/sql.go:375.9,377.4 1 1
github.com/matrixorigin/matrixone/pkg/fulltext/sql.go:380.2,382.23 2 1
github.com/matrixorigin/matrixone/pkg/fulltext/sql.go:382.23,385.29 1 1
github.com/matrixorigin/matrixone/pkg/fulltext/sql.go:385.29,391.27 6 1
github.com/matrixorigin/matrixone/pkg/fulltext/sql.go:391.27,393.19 2 1
github.com/matrixorigin/matrixone/pkg/fulltext/sql.go:393.19,395.6 1 0
github.com/matrixorigin/matrixone/pkg/fulltext/sql.go:396.5,399.113 4 1
github.com/matrixorigin/matrixone/pkg/fulltext/sql.go:401.10,402.29 1 1
github.com/matrixorigin/matrixone/pkg/fulltext/sql.go:402.29,404.6 1 0
github.com/matrixorigin/matrixone/pkg/fulltext/sql.go:405.5,407.22 3 1
github.com/matrixorigin/matrixone/pkg/fulltext/sql.go:410.4,410.32 1 1
github.com/matrixorigin/matrixone/pkg/fulltext/sql.go:413.8,415.30 1 1
github.com/matrixorigin/matrixone/pkg/fulltext/sql.go:415.30,416.30 1 1
github.com/matrixorigin/matrixone/pkg/fulltext/sql.go:416.30,422.28 6 1
github.com/matrixorigin/matrixone/pkg/fulltext/sql.go:422.28,424.20 2 1
github.com/matrixorigin/matrixone/pkg/fulltext/sql.go:424.20,426.7 1 0
github.com/matrixorigin/matrixone/pkg/fulltext/sql.go:427.6,431.114 4 1
github.com/matrixorigin/matrixone/pkg/fulltext/sql.go:433.11,434.30 1 1
github.com/matrixorigin/matrixone/pkg/fulltext/sql.go:434.30,436.7 1 0
github.com/matrixorigin/matrixone/pkg/fulltext/sql.go:437.6,440.23 3 1
github.com/matrixorigin/matrixone/pkg/fulltext/sql.go:443.5,443.33 1 1
github.com/matrixorigin/matrixone/pkg/fulltext/sql.go:449.2,449.18 1 1
github.com/matrixorigin/matrixone/pkg/fulltext/sql.go:453.90,460.18 4 1
github.com/matrixorigin/matrixone/pkg/fulltext/sql.go:460.18,461.29 1 1
github.com/matrixorigin/matrixone/pkg/fulltext/sql.go:461.29,463.18 2 1
github.com/matrixorigin/matrixone/pkg/fulltext/sql.go:463.18,465.5 1 0
github.com/matrixorigin/matrixone/pkg/fulltext/sql.go:466.4,466.32 1 1
github.com/matrixorigin/matrixone/pkg/fulltext/sql.go:467.9,469.18 2 1
github.com/matrixorigin/matrixone/pkg/fulltext/sql.go:469.18,471.5 1 0
github.com/matrixorigin/matrixone/pkg/fulltext/sql.go:472.4,472.29 1 1
github.com/matrixorigin/matrixone/pkg/fulltext/sql.go:474.8,476.29 2 1
github.com/matrixorigin/matrixone/pkg/fulltext/sql.go:476.29,478.18 2 0
github.com/matrixorigin/matrixone/pkg/fulltext/sql.go:478.18,480.5 1 0
github.com/matrixorigin/matrixone/pkg/fulltext/sql.go:481.4,482.14 2 0
github.com/matrixorigin/matrixone/pkg/fulltext/sql.go:483.9,483.36 1 1
github.com/matrixorigin/matrixone/pkg/fulltext/sql.go:483.36,486.18 2 1
github.com/matrixorigin/matrixone/pkg/fulltext/sql.go:486.18,488.5 1 0
github.com/matrixorigin/matrixone/pkg/fulltext/sql.go:489.4,490.14 2 1
github.com/matrixorigin/matrixone/pkg/fulltext/sql.go:493.3,493.39 1 1
github.com/matrixorigin/matrixone/pkg/fulltext/sql.go:493.39,496.18 3 1
github.com/matrixorigin/matrixone/pkg/fulltext/sql.go:496.18,498.5 1 0
github.com/matrixorigin/matrixone/pkg/fulltext/sql.go:499.4,499.29 1 1
github.com/matrixorigin/matrixone/pkg/fulltext/sql.go:505.2,509.25 4 1
github.com/matrixorigin/matrixone/pkg/fulltext/sql.go:509.25,511.32 2 1
github.com/matrixorigin/matrixone/pkg/fulltext/sql.go:511.32,513.11 2 1
github.com/matrixorigin/matrixone/pkg/fulltext/sql.go:513.11,516.5 2 1
github.com/matrixorigin/matrixone/pkg/fulltext/sql.go:520.2,521.21 2 1
github.com/matrixorigin/matrixone/pkg/fulltext/sql.go:521.21,525.3 3 1
github.com/matrixorigin/matrixone/pkg/fulltext/sql.go:526.2,528.17 2 1
github.com/matrixorigin/matrixone/pkg/fulltext/sql.go:532.90,538.18 3 1
github.com/matrixorigin/matrixone/pkg/fulltext/sql.go:538.18,542.26 3 1
github.com/matrixorigin/matrixone/pkg/fulltext/sql.go:542.26,543.17 1 1
github.com/matrixorigin/matrixone/pkg/fulltext/sql.go:543.17,546.5 1 1
github.com/matrixorigin/matrixone/pkg/fulltext/sql.go:546.10,550.5 1 1
github.com/matrixorigin/matrixone/pkg/fulltext/sql.go:551.9,552.28 1 1
github.com/matrixorigin/matrixone/pkg/fulltext/sql.go:552.28,554.5 1 0
github.com/matrixorigin/matrixone/pkg/fulltext/sql.go:555.4,556.17 2 1
github.com/matrixorigin/matrixone/pkg/fulltext/sql.go:556.17,559.5 1 1
github.com/matrixorigin/matrixone/pkg/fulltext/sql.go:559.10,563.5 1 1
github.com/matrixorigin/matrixone/pkg/fulltext/sql.go:567.3,567.43 1 1
github.com/matrixorigin/matrixone/pkg/fulltext/sql.go:567.43,571.4 1 1
github.com/matrixorigin/matrixone/pkg/fulltext/sql.go:572.8,576.25 3 1
github.com/matrixorigin/matrixone/pkg/fulltext/sql.go:576.25,581.27 5 1
github.com/matrixorigin/matrixone/pkg/fulltext/sql.go:581.27,584.5 1 1
github.com/matrixorigin/matrixone/pkg/fulltext/sql.go:584.10,585.29 1 1
github.com/matrixorigin/matrixone/pkg/fulltext/sql.go:585.29,587.6 1 0
github.com/matrixorigin/matrixone/pkg/fulltext/sql.go:588.5,590.38 2 1
github.com/matrixorigin/matrixone/pkg/fulltext/sql.go:593.4,594.13 2 1
github.com/matrixorigin/matrixone/pkg/fulltext/sql.go:594.13,597.5 1 1
github.com/matrixorigin/matrixone/pkg/fulltext/sql.go:599.3,601.16 3 1
github.com/matrixorigin/matrixone/pkg/fulltext/sql.go:601.16,603.4 1 1
github.com/matrixorigin/matrixone/pkg/fulltext/sql.go:603.9,605.4 1 1
github.com/matrixorigin/matrixone/pkg/fulltext/sql.go:607.3,611.43 4 1
github.com/matrixorigin/matrixone/pkg/fulltext/sql.go:611.43,615.4 1 1
github.com/matrixorigin/matrixone/pkg/fulltext/sql.go:620.2,620.17 1 1
github.com/matrixorigin/matrixone/pkg/fulltext/sql.go:624.118,626.16 2 1
github.com/matrixorigin/matrixone/pkg/fulltext/sql.go:626.16,628.3 1 0
github.com/matrixorigin/matrixone/pkg/fulltext/sql.go:629.2,629.14 1 1
github.com/matrixorigin/matrixone/pkg/fulltext/sql.go:630.17,632.21 2 1
github.com/matrixorigin/matrixone/pkg/fulltext/sql.go:633.18,633.18 0 1
github.com/matrixorigin/matrixone/pkg/fulltext/sql.go:634.10,635.73 1 0
github.com/matrixorigin/matrixone/pkg/fulltext/sql.go:637.2,637.17 1 1
github.com/matrixorigin/matrixone/pkg/fulltext/sql.go:640.53,642.2 1 1
github.com/matrixorigin/matrixone/pkg/fulltext/sql.go:644.92,645.14 1 1
github.com/matrixorigin/matrixone/pkg/fulltext/sql.go:646.61,647.43 1 1
github.com/matrixorigin/matrixone/pkg/fulltext/sql.go:648.36,649.31 1 1
github.com/matrixorigin/matrixone/pkg/fulltext/sql.go:649.31,651.4 1 1
github.com/matrixorigin/matrixone/pkg/fulltext/sql.go:651.9,653.4 1 1
github.com/matrixorigin/matrixone/pkg/fulltext/sql.go:654.85,655.79 1 0
github.com/matrixorigin/matrixone/pkg/fulltext/sql.go:656.10,657.73 1 0
github.com/matrixorigin/matrixone/pkg/fulltext/types.go:139.38,140.12 1 1
github.com/matrixorigin/matrixone/pkg/fulltext/types.go:141.12,142.16 1 1
github.com/matrixorigin/matrixone/pkg/fulltext/types.go:143.12,144.13 1 1
github.com/matrixorigin/matrixone/pkg/fulltext/types.go:145.12,146.13 1 1
github.com/matrixorigin/matrixone/pkg/fulltext/types.go:147.13,148.13 1 1
github.com/matrixorigin/matrixone/pkg/fulltext/types.go:149.16,150.13 1 1
github.com/matrixorigin/matrixone/pkg/fulltext/types.go:151.19,152.13 1 1
github.com/matrixorigin/matrixone/pkg/fulltext/types.go:153.16,154.13 1 1
github.com/matrixorigin/matrixone/pkg/fulltext/types.go:155.13,156.17 1 1
github.com/matrixorigin/matrixone/pkg/fulltext/types.go:157.14,158.18 1 1
github.com/matrixorigin/matrixone/pkg/fulltext/types.go:159.12,160.16 1 1
github.com/matrixorigin/matrixone/pkg/fulltext/types.go:161.10,162.12 1 0
github.com/matrixorigin/matrixone/pkg/fulltext/types.go:175.48,177.23 2 1
github.com/matrixorigin/matrixone/pkg/fulltext/types.go:177.23,179.3 1 1
github.com/matrixorigin/matrixone/pkg/fulltext/types.go:181.2,181.30 1 1
github.com/matrixorigin/matrixone/pkg/fulltext/types.go:184.66,186.16 2 1
github.com/matrixorigin/matrixone/pkg/fulltext/types.go:186.16,188.3 1 1
github.com/matrixorigin/matrixone/pkg/fulltext/types.go:190.2,190.37 1 1
github.com/matrixorigin/matrixone/pkg/fulltext/types.go:193.60,195.23 2 1
github.com/matrixorigin/matrixone/pkg/fulltext/types.go:195.23,197.3 1 1
github.com/matrixorigin/matrixone/pkg/fulltext/types.go:199.2,199.30 1 1
github.com/matrixorigin/matrixone/pkg/fulltext/types.go:202.78,204.16 2 1
github.com/matrixorigin/matrixone/pkg/fulltext/types.go:204.16,206.3 1 0
github.com/matrixorigin/matrixone/pkg/fulltext/types.go:208.2,208.49 1 1
github.com/matrixorigin/matrixone/pkg/sql/colexec/table_function/current_account.go:29.79,32.2 1 0
github.com/matrixorigin/matrixone/pkg/sql/colexec/table_function/current_account.go:34.84,36.2 1 0
github.com/matrixorigin/matrixone/pkg/sql/colexec/table_function/current_account.go:38.124,45.16 3 0
github.com/matrixorigin/matrixone/pkg/sql/colexec/table_function/current_account.go:45.16,47.3 1 0
github.com/matrixorigin/matrixone/pkg/sql/colexec/table_function/current_account.go:48.2,52.20 3 0
github.com/matrixorigin/matrixone/pkg/sql/colexec/table_function/current_account.go:52.20,54.33 2 0
github.com/matrixorigin/matrixone/pkg/sql/colexec/table_function/current_account.go:54.33,55.16 1 0
github.com/matrixorigin/matrixone/pkg/sql/colexec/table_function/current_account.go:56.24,57.127 1 0
github.com/matrixorigin/matrixone/pkg/sql/colexec/table_function/current_account.go:58.22,59.98 1 0
github.com/matrixorigin/matrixone/pkg/sql/colexec/table_function/current_account.go:60.21,61.124 1 0
github.com/matrixorigin/matrixone/pkg/sql/colexec/table_function/current_account.go:62.19,63.95 1 0
github.com/matrixorigin/matrixone/pkg/sql/colexec/table_function/current_account.go:64.21,65.124 1 0
github.com/matrixorigin/matrixone/pkg/sql/colexec/table_function/current_account.go:66.19,67.95 1 0
github.com/matrixorigin/matrixone/pkg/sql/colexec/table_function/current_account.go:68.12,69.93 1 0
github.com/matrixorigin/matrixone/pkg/sql/colexec/table_function/current_account.go:71.4,71.18 1 0
github.com/matrixorigin/matrixone/pkg/sql/colexec/table_function/current_account.go:71.18,73.5 1 0
github.com/matrixorigin/matrixone/pkg/sql/colexec/table_function/current_account.go:75.3,75.25 1 0
github.com/matrixorigin/matrixone/pkg/sql/colexec/table_function/current_account.go:77.2,78.12 2 0
github.com/matrixorigin/matrixone/pkg/sql/colexec/table_function/fulltext.go:76.77,78.2 1 0
github.com/matrixorigin/matrixone/pkg/sql/colexec/table_function/fulltext.go:80.73,81.20 1 0
github.com/matrixorigin/matrixone/pkg/sql/colexec/table_function/fulltext.go:81.20,83.3 1 0
github.com/matrixorigin/matrixone/pkg/sql/colexec/table_function/fulltext.go:86.62,87.20 1 0
github.com/matrixorigin/matrixone/pkg/sql/colexec/table_function/fulltext.go:87.20,89.3 1 0
github.com/matrixorigin/matrixone/pkg/sql/colexec/table_function/fulltext.go:90.2,90.20 1 0
github.com/matrixorigin/matrixone/pkg/sql/colexec/table_function/fulltext.go:90.20,93.3 2 0
github.com/matrixorigin/matrixone/pkg/sql/colexec/table_function/fulltext.go:94.2,106.16 13 0
github.com/matrixorigin/matrixone/pkg/sql/colexec/table_function/fulltext.go:109.104,110.20 1 0
github.com/matrixorigin/matrixone/pkg/sql/colexec/table_function/fulltext.go:110.20,112.3 1 0
github.com/matrixorigin/matrixone/pkg/sql/colexec/table_function/fulltext.go:114.2,114.20 1 0
github.com/matrixorigin/matrixone/pkg/sql/colexec/table_function/fulltext.go:114.20,116.3 1 0
github.com/matrixorigin/matrixone/pkg/sql/colexec/table_function/fulltext.go:118.2,118.46 1 0
github.com/matrixorigin/matrixone/pkg/sql/colexec/table_function/fulltext.go:118.46,120.3 1 0
github.com/matrixorigin/matrixone/pkg/sql/colexec/table_function/fulltext.go:122.2,122.6 1 0
github.com/matrixorigin/matrixone/pkg/sql/colexec/table_function/fulltext.go:122.6,123.10 1 0
github.com/matrixorigin/matrixone/pkg/sql/colexec/table_function/fulltext.go:124.32,125.11 1 0
github.com/matrixorigin/matrixone/pkg/sql/colexec/table_function/fulltext.go:125.11,127.5 1 0
github.com/matrixorigin/matrixone/pkg/sql/colexec/table_function/fulltext.go:128.4,128.15 1 0
github.com/matrixorigin/matrixone/pkg/sql/colexec/table_function/fulltext.go:129.26,130.10 1 0
github.com/matrixorigin/matrixone/pkg/sql/colexec/table_function/fulltext.go:135.55,136.37 1 0
github.com/matrixorigin/matrixone/pkg/sql/colexec/table_function/fulltext.go:136.37,138.44 2 0
github.com/matrixorigin/matrixone/pkg/sql/colexec/table_function/fulltext.go:138.44,140.4 1 0
github.com/matrixorigin/matrixone/pkg/sql/colexec/table_function/fulltext.go:141.3,141.13 1 0
github.com/matrixorigin/matrixone/pkg/sql/colexec/table_function/fulltext.go:143.2,143.14 1 0
github.com/matrixorigin/matrixone/pkg/sql/colexec/table_function/fulltext.go:146.52,147.41 1 0
github.com/matrixorigin/matrixone/pkg/sql/colexec/table_function/fulltext.go:147.41,149.3 1 0
github.com/matrixorigin/matrixone/pkg/sql/colexec/table_function/fulltext.go:150.2,150.35 1 0
github.com/matrixorigin/matrixone/pkg/sql/colexec/table_function/fulltext.go:150.35,152.3 1 0
github.com/matrixorigin/matrixone/pkg/sql/colexec/table_function/fulltext.go:153.2,153.14 1 0
github.com/matrixorigin/matrixone/pkg/sql/colexec/table_function/fulltext.go:158.110,160.32 1 0
github.com/matrixorigin/matrixone/pkg/sql/colexec/table_function/fulltext.go:160.32,164.29 1 0
github.com/matrixorigin/matrixone/pkg/sql/colexec/table_function/fulltext.go:164.29,169.4 3 0
github.com/matrixorigin/matrixone/pkg/sql/colexec/table_function/fulltext.go:170.8,172.29 1 0
github.com/matrixorigin/matrixone/pkg/sql/colexec/table_function/fulltext.go:172.29,180.4 4 0
github.com/matrixorigin/matrixone/pkg/sql/colexec/table_function/fulltext.go:183.2,186.29 3 0
github.com/matrixorigin/matrixone/pkg/sql/colexec/table_function/fulltext.go:186.29,188.3 1 0
github.com/matrixorigin/matrixone/pkg/sql/colexec/table_function/fulltext.go:190.2,190.64 1 0
github.com/matrixorigin/matrixone/pkg/sql/colexec/table_function/fulltext.go:194.108,199.20 4 0
github.com/matrixorigin/matrixone/pkg/sql/colexec/table_function/fulltext.go:199.20,201.3 1 0
github.com/matrixorigin/matrixone/pkg/sql/colexec/table_function/fulltext.go:202.2,202.17 1 0
github.com/matrixorigin/matrixone/pkg/sql/colexec/table_function/fulltext.go:202.17,204.3 1 0
github.com/matrixorigin/matrixone/pkg/sql/colexec/table_function/fulltext.go:206.2,206.19 1 0
github.com/matrixorigin/matrixone/pkg/sql/colexec/table_function/fulltext.go:206.19,212.32 4 0
github.com/matrixorigin/matrixone/pkg/sql/colexec/table_function/fulltext.go:212.32,214.4 1 0
github.com/matrixorigin/matrixone/pkg/sql/colexec/table_function/fulltext.go:215.3,215.28 1 0
github.com/matrixorigin/matrixone/pkg/sql/colexec/table_function/fulltext.go:219.2,223.29 4 0
github.com/matrixorigin/matrixone/pkg/sql/colexec/table_function/fulltext.go:223.29,225.3 1 0
github.com/matrixorigin/matrixone/pkg/sql/colexec/table_function/fulltext.go:227.2,227.64 1 0
github.com/matrixorigin/matrixone/pkg/sql/colexec/table_function/fulltext.go:233.106,235.23 1 0
github.com/matrixorigin/matrixone/pkg/sql/colexec/table_function/fulltext.go:235.23,237.3 1 0
github.com/matrixorigin/matrixone/pkg/sql/colexec/table_function/fulltext.go:239.2,239.22 1 0
github.com/matrixorigin/matrixone/pkg/sql/colexec/table_function/fulltext.go:239.22,241.3 1 0
github.com/matrixorigin/matrixone/pkg/sql/colexec/table_function/fulltext.go:244.2,244.28 1 0
github.com/matrixorigin/matrixone/pkg/sql/colexec/table_function/fulltext.go:244.28,247.3 2 0
github.com/matrixorigin/matrixone/pkg/sql/colexec/table_function/fulltext.go:249.2,249.46 1 0
github.com/matrixorigin/matrixone/pkg/sql/colexec/table_function/fulltext.go:252.95,259.15 5 0
github.com/matrixorigin/matrixone/pkg/sql/colexec/table_function/fulltext.go:259.15,261.3 1 0
github.com/matrixorigin/matrixone/pkg/sql/colexec/table_function/fulltext.go:261.8,264.39 1 0
github.com/matrixorigin/matrixone/pkg/sql/colexec/table_function/fulltext.go:264.39,266.4 1 0
github.com/matrixorigin/matrixone/pkg/sql/colexec/table_function/fulltext.go:269.2,269.16 1 0
github.com/matrixorigin/matrixone/pkg/sql/colexec/table_function/fulltext.go:269.16,272.17 2 0
github.com/matrixorigin/matrixone/pkg/sql/colexec/table_function/fulltext.go:272.17,274.4 1 0
github.com/matrixorigin/matrixone/pkg/sql/colexec/table_function/fulltext.go:276.3,276.22 1 0
github.com/matrixorigin/matrixone/pkg/sql/colexec/table_function/fulltext.go:276.22,278.4 1 0
github.com/matrixorigin/matrixone/pkg/sql/colexec/table_function/fulltext.go:279.3,279.30 1 0
github.com/matrixorigin/matrixone/pkg/sql/colexec/table_function/fulltext.go:281.8,282.24 1 0
github.com/matrixorigin/matrixone/pkg/sql/colexec/table_function/fulltext.go:282.24,284.4 1 0
github.com/matrixorigin/matrixone/pkg/sql/colexec/table_function/fulltext.go:287.3,287.26 1 0
github.com/matrixorigin/matrixone/pkg/sql/colexec/table_function/fulltext.go:287.26,289.18 2 0
github.com/matrixorigin/matrixone/pkg/sql/colexec/table_function/fulltext.go:289.18,291.5 1 0
github.com/matrixorigin/matrixone/pkg/sql/colexec/table_function/fulltext.go:294.3,294.23 1 0
github.com/matrixorigin/matrixone/pkg/sql/colexec/table_function/fulltext.go:294.23,296.4 1 0
github.com/matrixorigin/matrixone/pkg/sql/colexec/table_function/fulltext.go:297.3,297.30 1 0
github.com/matrixorigin/matrixone/pkg/sql/colexec/table_function/fulltext.go:303.118,305.15 1 0
github.com/matrixorigin/matrixone/pkg/sql/colexec/table_function/fulltext.go:305.15,306.25 1 0
github.com/matrixorigin/matrixone/pkg/sql/colexec/table_function/fulltext.go:306.25,308.18 2 0
github.com/matrixorigin/matrixone/pkg/sql/colexec/table_function/fulltext.go:308.18,310.5 1 0
github.com/matrixorigin/matrixone/pkg/sql/colexec/table_function/fulltext.go:312.3,313.18 2 0
github.com/matrixorigin/matrixone/pkg/sql/colexec/table_function/fulltext.go:315.2,318.40 3 0
github.com/matrixorigin/matrixone/pkg/sql/colexec/table_function/fulltext.go:318.40,320.3 1 0
github.com/matrixorigin/matrixone/pkg/sql/colexec/table_function/fulltext.go:321.2,324.40 3 0
github.com/matrixorigin/matrixone/pkg/sql/colexec/table_function/fulltext.go:324.40,326.3 1 0
github.com/matrixorigin/matrixone/pkg/sql/colexec/table_function/fulltext.go:327.2,330.40 3 0
github.com/matrixorigin/matrixone/pkg/sql/colexec/table_function/fulltext.go:330.40,332.3 1 0
github.com/matrixorigin/matrixone/pkg/sql/colexec/table_function/fulltext.go:333.2,336.38 3 0
github.com/matrixorigin/matrixone/pkg/sql/colexec/table_function/fulltext.go:336.38,338.3 1 0
github.com/matrixorigin/matrixone/pkg/sql/colexec/table_function/fulltext.go:339.2,342.16 3 0
github.com/matrixorigin/matrixone/pkg/sql/colexec/table_function/fulltext.go:342.16,344.3 1 0
github.com/matrixorigin/matrixone/pkg/sql/colexec/table_function/fulltext.go:346.2,346.102 1 0
github.com/matrixorigin/matrixone/pkg/sql/colexec/table_function/fulltext.go:350.102,356.32 5 0
github.com/matrixorigin/matrixone/pkg/sql/colexec/table_function/fulltext.go:356.32,357.65 1 0
github.com/matrixorigin/matrixone/pkg/sql/colexec/table_function/fulltext.go:357.65,358.59 1 0
github.com/matrixorigin/matrixone/pkg/sql/colexec/table_function/fulltext.go:358.59,360.5 1 0
github.com/matrixorigin/matrixone/pkg/sql/colexec/table_function/fulltext.go:365.2,366.16 2 0
github.com/matrixorigin/matrixone/pkg/sql/colexec/table_function/fulltext.go:375.39,380.16 2 0
github.com/matrixorigin/matrixone/pkg/sql/colexec/table_function/fulltext.go:380.16,382.3 1 0
github.com/matrixorigin/matrixone/pkg/sql/colexec/table_function/fulltext.go:384.2,386.36 2 0
github.com/matrixorigin/matrixone/pkg/sql/colexec/table_function/fulltext.go:386.36,388.3 1 0
github.com/matrixorigin/matrixone/pkg/sql/colexec/table_function/fulltext.go:390.2,392.8 2 0
github.com/matrixorigin/matrixone/pkg/sql/colexec/table_function/fulltext.go:395.119,397.34 2 0
github.com/matrixorigin/matrixone/pkg/sql/colexec/table_function/fulltext.go:397.34,399.3 1 0
github.com/matrixorigin/matrixone/pkg/sql/colexec/table_function/fulltext.go:400.2,400.32 1 0
github.com/matrixorigin/matrixone/pkg/sql/colexec/table_function/fulltext.go:407.17,408.31 1 0
github.com/matrixorigin/matrixone/pkg/sql/colexec/table_function/fulltext.go:408.31,410.3 1 0
github.com/matrixorigin/matrixone/pkg/sql/colexec/table_function/fulltext.go:412.2,415.21 4 0
github.com/matrixorigin/matrixone/pkg/sql/colexec/table_function/fulltext.go:416.27,417.90 1 0
github.com/matrixorigin/matrixone/pkg/sql/colexec/table_function/fulltext.go:418.26,419.107 1 0
github.com/matrixorigin/matrixone/pkg/sql/colexec/table_function/fulltext.go:420.10,421.20 1 0
github.com/matrixorigin/matrixone/pkg/sql/colexec/table_function/fulltext.go:423.2,423.23 1 0
github.com/matrixorigin/matrixone/pkg/sql/colexec/table_function/fulltext.go:423.23,425.3 1 0
github.com/matrixorigin/matrixone/pkg/sql/colexec/table_function/fulltext.go:427.2,428.16 2 0
github.com/matrixorigin/matrixone/pkg/sql/colexec/table_function/fulltext.go:428.16,430.3 1 0
github.com/matrixorigin/matrixone/pkg/sql/colexec/table_function/fulltext.go:431.2,435.38 4 0
github.com/matrixorigin/matrixone/pkg/sql/colexec/table_function/fulltext.go:435.38,436.40 1 0
github.com/matrixorigin/matrixone/pkg/sql/colexec/table_function/fulltext.go:436.40,438.4 1 0
github.com/matrixorigin/matrixone/pkg/sql/colexec/table_function/fulltext.go:439.3,439.39 1 0
github.com/matrixorigin/matrixone/pkg/sql/colexec/table_function/fulltext.go:439.39,442.23 3 0
github.com/matrixorigin/matrixone/pkg/sql/colexec/table_function/fulltext.go:443.29,446.52 3 0
github.com/matrixorigin/matrixone/pkg/sql/colexec/table_function/fulltext.go:447.28,450.76 3 0
github.com/matrixorigin/matrixone/pkg/sql/colexec/table_function/fulltext.go:451.12,452.22 1 0
github.com/matrixorigin/matrixone/pkg/sql/colexec/table_function/fulltext.go:454.4,454.90 1 0
github.com/matrixorigin/matrixone/pkg/sql/colexec/table_function/fulltext.go:457.2,457.32 1 0
github.com/matrixorigin/matrixone/pkg/sql/colexec/table_function/fulltext.go:457.32,459.3 1 0
github.com/matrixorigin/matrixone/pkg/sql/colexec/table_function/fulltext.go:461.2,461.41 1 0
github.com/matrixorigin/matrixone/pkg/sql/colexec/table_function/fulltext.go:461.41,463.3 1 0
github.com/matrixorigin/matrixone/pkg/sql/colexec/table_function/fulltext.go:464.2,464.18 1 0
github.com/matrixorigin/matrixone/pkg/sql/colexec/table_function/fulltext.go:469.119,476.38 4 0
github.com/matrixorigin/matrixone/pkg/sql/colexec/table_function/fulltext.go:476.38,478.17 2 0
github.com/matrixorigin/matrixone/pkg/sql/colexec/table_function/fulltext.go:478.17,480.4 1 0
github.com/matrixorigin/matrixone/pkg/sql/colexec/table_function/fulltext.go:482.3,483.41 2 0
github.com/matrixorigin/matrixone/pkg/sql/colexec/table_function/fulltext.go:483.41,485.4 1 0
github.com/matrixorigin/matrixone/pkg/sql/colexec/table_function/fulltext.go:487.3,488.17 2 0
github.com/matrixorigin/matrixone/pkg/sql/colexec/table_function/fulltext.go:488.17,490.4 1 0
github.com/matrixorigin/matrixone/pkg/sql/colexec/table_function/fulltext.go:492.3,494.21 2 0
github.com/matrixorigin/matrixone/pkg/sql/colexec/table_function/fulltext.go:494.21,496.4 1 0
github.com/matrixorigin/matrixone/pkg/sql/colexec/table_function/fulltext.go:498.3,498.28 1 0
github.com/matrixorigin/matrixone/pkg/sql/colexec/table_function/fulltext.go:498.28,499.9 1 0
github.com/matrixorigin/matrixone/pkg/sql/colexec/table_function/fulltext.go:503.2,503.25 1 0
github.com/matrixorigin/matrixone/pkg/sql/colexec/table_function/fulltext.go:503.25,507.32 4 0
github.com/matrixorigin/matrixone/pkg/sql/colexec/table_function/fulltext.go:507.32,509.4 1 0
github.com/matrixorigin/matrixone/pkg/sql/colexec/table_function/fulltext.go:512.2,512.22 1 0
github.com/matrixorigin/matrixone/pkg/sql/colexec/table_function/fulltext.go:515.108,517.22 2 0
github.com/matrixorigin/matrixone/pkg/sql/colexec/table_function/fulltext.go:517.22,520.3 2 0
github.com/matrixorigin/matrixone/pkg/sql/colexec/table_function/fulltext.go:521.2,523.38 2 0
github.com/matrixorigin/matrixone/pkg/sql/colexec/table_function/fulltext.go:523.38,526.17 2 0
github.com/matrixorigin/matrixone/pkg/sql/colexec/table_function/fulltext.go:526.17,528.4 1 0
github.com/matrixorigin/matrixone/pkg/sql/colexec/table_function/fulltext.go:530.3,531.41 2 0
github.com/matrixorigin/matrixone/pkg/sql/colexec/table_function/fulltext.go:531.41,533.4 1 0
github.com/matrixorigin/matrixone/pkg/sql/colexec/table_function/fulltext.go:535.3,536.17 2 0
github.com/matrixorigin/matrixone/pkg/sql/colexec/table_function/fulltext.go:536.17,538.4 1 0
github.com/matrixorigin/matrixone/pkg/sql/colexec/table_function/fulltext.go:540.3,540.21 1 0
github.com/matrixorigin/matrixone/pkg/sql/colexec/table_function/fulltext.go:540.21,542.36 2 0
github.com/matrixorigin/matrixone/pkg/sql/colexec/table_function/fulltext.go:542.36,543.46 1 0
github.com/matrixorigin/matrixone/pkg/sql/colexec/table_function/fulltext.go:543.46,546.6 2 0
github.com/matrixorigin/matrixone/pkg/sql/colexec/table_function/fulltext.go:547.10,549.5 1 0
github.com/matrixorigin/matrixone/pkg/sql/colexec/table_function/fulltext.go:550.9,550.23 1 0
github.com/matrixorigin/matrixone/pkg/sql/colexec/table_function/fulltext.go:550.23,552.18 2 0
github.com/matrixorigin/matrixone/pkg/sql/colexec/table_function/fulltext.go:552.18,554.5 1 0
github.com/matrixorigin/matrixone/pkg/sql/colexec/table_function/fulltext.go:555.4,557.30 3 0
github.com/matrixorigin/matrixone/pkg/sql/colexec/table_function/fulltext.go:561.2,561.15 1 0
github.com/matrixorigin/matrixone/pkg/sql/colexec/table_function/fulltext.go:561.15,562.32 1 0
github.com/matrixorigin/matrixone/pkg/sql/colexec/table_function/fulltext.go:562.32,565.18 3 0
github.com/matrixorigin/matrixone/pkg/sql/colexec/table_function/fulltext.go:565.18,567.5 1 0
github.com/matrixorigin/matrixone/pkg/sql/colexec/table_function/fulltext.go:568.4,569.30 2 0
github.com/matrixorigin/matrixone/pkg/sql/colexec/table_function/fulltext.go:571.8,573.32 2 0
github.com/matrixorigin/matrixone/pkg/sql/colexec/table_function/fulltext.go:573.32,575.4 1 0
github.com/matrixorigin/matrixone/pkg/sql/colexec/table_function/fulltext.go:576.3,576.38 1 0
github.com/matrixorigin/matrixone/pkg/sql/colexec/table_function/fulltext.go:576.38,578.18 2 0
github.com/matrixorigin/matrixone/pkg/sql/colexec/table_function/fulltext.go:578.18,580.5 1 0
github.com/matrixorigin/matrixone/pkg/sql/colexec/table_function/fulltext.go:581.4,583.38 3 0
github.com/matrixorigin/matrixone/pkg/sql/colexec/table_function/fulltext.go:583.38,585.5 1 0
github.com/matrixorigin/matrixone/pkg/sql/colexec/table_function/fulltext.go:589.2,589.12 1 0
github.com/matrixorigin/matrixone/pkg/sql/colexec/table_function/fulltext.go:596.112,603.9 3 0
github.com/matrixorigin/matrixone/pkg/sql/colexec/table_function/fulltext.go:604.30,605.10 1 0
github.com/matrixorigin/matrixone/pkg/sql/colexec/table_function/fulltext.go:605.10,608.4 1 0
github.com/matrixorigin/matrixone/pkg/sql/colexec/table_function/fulltext.go:609.23,610.20 1 0
github.com/matrixorigin/matrixone/pkg/sql/colexec/table_function/fulltext.go:611.25,612.70 1 0
github.com/matrixorigin/matrixone/pkg/sql/colexec/table_function/fulltext.go:615.2,618.23 3 0
github.com/matrixorigin/matrixone/pkg/sql/colexec/table_function/fulltext.go:618.23,620.3 1 0
github.com/matrixorigin/matrixone/pkg/sql/colexec/table_function/fulltext.go:621.2,625.38 3 0
github.com/matrixorigin/matrixone/pkg/sql/colexec/table_function/fulltext.go:625.38,629.20 2 0
github.com/matrixorigin/matrixone/pkg/sql/colexec/table_function/fulltext.go:629.20,632.4 2 0
github.com/matrixorigin/matrixone/pkg/sql/colexec/table_function/fulltext.go:635.3,638.84 3 0
github.com/matrixorigin/matrixone/pkg/sql/colexec/table_function/fulltext.go:638.84,642.10 3 0
github.com/matrixorigin/matrixone/pkg/sql/colexec/table_function/fulltext.go:642.10,644.19 2 0
github.com/matrixorigin/matrixone/pkg/sql/colexec/table_function/fulltext.go:644.19,646.6 1 0
github.com/matrixorigin/matrixone/pkg/sql/colexec/table_function/fulltext.go:647.5,647.33 1 0
github.com/matrixorigin/matrixone/pkg/sql/colexec/table_function/fulltext.go:647.33,648.25 1 0
github.com/matrixorigin/matrixone/pkg/sql/colexec/table_function/fulltext.go:648.25,650.7 1 0
github.com/matrixorigin/matrixone/pkg/sql/colexec/table_function/fulltext.go:652.10,655.19 2 0
github.com/matrixorigin/matrixone/pkg/sql/colexec/table_function/fulltext.go:655.19,657.6 1 0
github.com/matrixorigin/matrixone/pkg/sql/colexec/table_function/fulltext.go:659.5,659.33 1 0
github.com/matrixorigin/matrixone/pkg/sql/colexec/table_function/fulltext.go:659.33,662.6 2 0
github.com/matrixorigin/matrixone/pkg/sql/colexec/table_function/fulltext.go:663.5,663.29 1 0
github.com/matrixorigin/matrixone/pkg/sql/colexec/table_function/fulltext.go:665.9,668.10 2 0
github.com/matrixorigin/matrixone/pkg/sql/colexec/table_function/fulltext.go:668.10,670.19 2 0
github.com/matrixorigin/matrixone/pkg/sql/colexec/table_function/fulltext.go:670.19,672.6 1 0
github.com/matrixorigin/matrixone/pkg/sql/colexec/table_function/fulltext.go:673.5,673.27 1 0
github.com/matrixorigin/matrixone/pkg/sql/colexec/table_function/fulltext.go:673.27,676.6 1 0
github.com/matrixorigin/matrixone/pkg/sql/colexec/table_function/fulltext.go:677.10,680.19 2 0
github.com/matrixorigin/matrixone/pkg/sql/colexec/table_function/fulltext.go:680.19,682.6 1 0
github.com/matrixorigin/matrixone/pkg/sql/colexec/table_function/fulltext.go:683.5,684.29 2 0
github.com/matrixorigin/matrixone/pkg/sql/colexec/table_function/fulltext.go:688.4,688.25 1 0
github.com/matrixorigin/matrixone/pkg/sql/colexec/table_function/fulltext.go:688.25,690.5 1 0
github.com/matrixorigin/matrixone/pkg/sql/colexec/table_function/fulltext.go:697.2,697.19 1 0
github.com/matrixorigin/matrixone/pkg/sql/colexec/table_function/fulltext.go:701.92,703.39 2 0
github.com/matrixorigin/matrixone/pkg/sql/colexec/table_function/fulltext.go:703.39,705.3 1 0
github.com/matrixorigin/matrixone/pkg/sql/colexec/table_function/fulltext.go:706.2,709.16 3 0
github.com/matrixorigin/matrixone/pkg/sql/colexec/table_function/fulltext.go:709.16,711.3 1 0
github.com/matrixorigin/matrixone/pkg/sql/colexec/table_function/fulltext.go:712.2,714.27 2 0
github.com/matrixorigin/matrixone/pkg/sql/colexec/table_function/fulltext.go:714.27,716.3 1 0
github.com/matrixorigin/matrixone/pkg/sql/colexec/table_function/fulltext.go:718.2,719.25 2 0
github.com/matrixorigin/matrixone/pkg/sql/colexec/table_function/fulltext.go:719.25,723.28 3 0
github.com/matrixorigin/matrixone/pkg/sql/colexec/table_function/fulltext.go:723.28,726.4 2 0
github.com/matrixorigin/matrixone/pkg/sql/colexec/table_function/fulltext.go:726.9,728.4 1 0
github.com/matrixorigin/matrixone/pkg/sql/colexec/table_function/fulltext.go:732.2,732.59 1 0
github.com/matrixorigin/matrixone/pkg/sql/colexec/table_function/fulltext.go:732.59,734.3 1 0
github.com/matrixorigin/matrixone/pkg/sql/colexec/table_function/fulltext.go:736.2,736.17 1 0
github.com/matrixorigin/matrixone/pkg/sql/colexec/table_function/fulltext.go:747.15,752.79 2 0
github.com/matrixorigin/matrixone/pkg/sql/colexec/table_function/fulltext.go:752.79,754.19 2 0
github.com/matrixorigin/matrixone/pkg/sql/colexec/table_function/fulltext.go:754.19,756.4 1 0
github.com/matrixorigin/matrixone/pkg/sql/colexec/table_function/fulltext.go:757.3,757.22 1 0
github.com/matrixorigin/matrixone/pkg/sql/colexec/table_function/fulltext.go:757.22,759.4 1 0
github.com/matrixorigin/matrixone/pkg/sql/colexec/table_function/fulltext.go:762.2,762.19 1 0
github.com/matrixorigin/matrixone/pkg/sql/colexec/table_function/fulltext.go:762.19,765.17 2 0
github.com/matrixorigin/matrixone/pkg/sql/colexec/table_function/fulltext.go:765.17,767.4 1 0
github.com/matrixorigin/matrixone/pkg/sql/colexec/table_function/fulltext.go:769.3,775.17 5 0
github.com/matrixorigin/matrixone/pkg/sql/colexec/table_function/fulltext.go:775.17,777.4 1 0
github.com/matrixorigin/matrixone/pkg/sql/colexec/table_function/fulltext.go:779.3,784.17 4 0
github.com/matrixorigin/matrixone/pkg/sql/colexec/table_function/fulltext.go:784.17,786.4 1 0
github.com/matrixorigin/matrixone/pkg/sql/colexec/table_function/fulltext.go:787.3,787.9 1 0
github.com/matrixorigin/matrixone/pkg/sql/colexec/table_function/fulltext.go:787.9,789.4 1 0
github.com/matrixorigin/matrixone/pkg/sql/colexec/table_function/fulltext.go:798.2,806.12 5 0
github.com/matrixorigin/matrixone/pkg/sql/colexec/table_function/fulltext.go:806.12,807.16 1 0
github.com/matrixorigin/matrixone/pkg/sql/colexec/table_function/fulltext.go:807.16,810.4 2 0
github.com/matrixorigin/matrixone/pkg/sql/colexec/table_function/fulltext.go:813.3,814.18 2 0
github.com/matrixorigin/matrixone/pkg/sql/colexec/table_function/fulltext.go:814.18,817.4 2 0
github.com/matrixorigin/matrixone/pkg/sql/colexec/table_function/fulltext.go:818.3,818.81 1 0
github.com/matrixorigin/matrixone/pkg/sql/colexec/table_function/fulltext.go:822.2,823.18 2 0
github.com/matrixorigin/matrixone/pkg/sql/colexec/table_function/fulltext.go:823.18,824.61 1 0
github.com/matrixorigin/matrixone/pkg/sql/colexec/table_function/fulltext.go:824.61,827.9 2 0
github.com/matrixorigin/matrixone/pkg/sql/colexec/table_function/fulltext.go:833.2,833.17 1 0
github.com/matrixorigin/matrixone/pkg/sql/colexec/table_function/fulltext.go:833.17,834.31 1 0
github.com/matrixorigin/matrixone/pkg/sql/colexec/table_function/fulltext.go:834.31,836.4 1 0
github.com/matrixorigin/matrixone/pkg/sql/colexec/table_function/fulltext.go:839.2,841.16 2 0
github.com/matrixorigin/matrixone/pkg/sql/colexec/table_function/fulltext.go:841.16,843.10 1 0
github.com/matrixorigin/matrixone/pkg/sql/colexec/table_function/fulltext.go:844.24,844.24 0 0
github.com/matrixorigin/matrixone/pkg/sql/colexec/table_function/fulltext.go:845.11,845.11 0 0
github.com/matrixorigin/matrixone/pkg/sql/colexec/table_function/fulltext.go:855.2,855.8 1 0
github.com/matrixorigin/matrixone/pkg/sql/colexec/table_function/fulltext.go:867.122,868.21 1 0
github.com/matrixorigin/matrixone/pkg/sql/colexec/table_function/fulltext.go:868.21,870.3 1 0
github.com/matrixorigin/matrixone/pkg/sql/colexec/table_function/fulltext.go:871.2,872.26 2 0
github.com/matrixorigin/matrixone/pkg/sql/colexec/table_function/fulltext.go:872.26,874.3 1 0
github.com/matrixorigin/matrixone/pkg/sql/colexec/table_function/fulltext.go:876.2,880.38 4 0
github.com/matrixorigin/matrixone/pkg/sql/colexec/table_function/fulltext.go:880.38,882.3 1 0
github.com/matrixorigin/matrixone/pkg/sql/colexec/table_function/fulltext.go:884.2,885.56 2 0
github.com/matrixorigin/matrixone/pkg/sql/colexec/table_function/fulltext.go:885.56,887.3 1 0
github.com/matrixorigin/matrixone/pkg/sql/colexec/table_function/fulltext.go:888.2,895.23 6 0
github.com/matrixorigin/matrixone/pkg/sql/colexec/table_function/fulltext.go:895.23,897.3 1 0
github.com/matrixorigin/matrixone/pkg/sql/colexec/table_function/fulltext.go:899.2,899.67 1 0
github.com/matrixorigin/matrixone/pkg/sql/colexec/table_function/fulltext_tokenize.go:54.77,56.2 1 0
github.com/matrixorigin/matrixone/pkg/sql/colexec/table_function/fulltext_tokenize.go:58.73,59.20 1 0
github.com/matrixorigin/matrixone/pkg/sql/colexec/table_function/fulltext_tokenize.go:59.20,61.3 1 0
github.com/matrixorigin/matrixone/pkg/sql/colexec/table_function/fulltext_tokenize.go:64.95,70.59 3 0
github.com/matrixorigin/matrixone/pkg/sql/colexec/table_function/fulltext_tokenize.go:70.59,79.3 4 0
github.com/matrixorigin/matrixone/pkg/sql/colexec/table_function/fulltext_tokenize.go:81.2,84.29 3 0
github.com/matrixorigin/matrixone/pkg/sql/colexec/table_function/fulltext_tokenize.go:84.29,86.3 1 0
github.com/matrixorigin/matrixone/pkg/sql/colexec/table_function/fulltext_tokenize.go:88.2,88.64 1 0
github.com/matrixorigin/matrixone/pkg/sql/colexec/table_function/fulltext_tokenize.go:91.104,92.20 1 0
github.com/matrixorigin/matrixone/pkg/sql/colexec/table_function/fulltext_tokenize.go:92.20,94.3 1 0
github.com/matrixorigin/matrixone/pkg/sql/colexec/table_function/fulltext_tokenize.go:97.96,106.2 5 0
github.com/matrixorigin/matrixone/pkg/sql/colexec/table_function/fulltext_tokenize.go:110.118,112.15 1 0
github.com/matrixorigin/matrixone/pkg/sql/colexec/table_function/fulltext_tokenize.go:112.15,113.25 1 0
github.com/matrixorigin/matrixone/pkg/sql/colexec/table_function/fulltext_tokenize.go:113.25,115.18 2 0
github.com/matrixorigin/matrixone/pkg/sql/colexec/table_function/fulltext_tokenize.go:115.18,117.5 1 0
github.com/matrixorigin/matrixone/pkg/sql/colexec/table_function/fulltext_tokenize.go:120.3,122.18 3 0
github.com/matrixorigin/matrixone/pkg/sql/colexec/table_function/fulltext_tokenize.go:126.2,139.28 8 0
github.com/matrixorigin/matrixone/pkg/sql/colexec/table_function/fulltext_tokenize.go:139.28,141.3 1 0
github.com/matrixorigin/matrixone/pkg/sql/colexec/table_function/fulltext_tokenize.go:143.2,143.12 1 0
github.com/matrixorigin/matrixone/pkg/sql/colexec/table_function/fulltext_tokenize.go:143.12,145.3 1 0
github.com/matrixorigin/matrixone/pkg/sql/colexec/table_function/fulltext_tokenize.go:147.2,147.24 1 0
github.com/matrixorigin/matrixone/pkg/sql/colexec/table_function/fulltext_tokenize.go:148.30,151.29 2 0
github.com/matrixorigin/matrixone/pkg/sql/colexec/table_function/fulltext_tokenize.go:151.29,152.13 1 0
github.com/matrixorigin/matrixone/pkg/sql/colexec/table_function/fulltext_tokenize.go:152.13,154.5 1 0
github.com/matrixorigin/matrixone/pkg/sql/colexec/table_function/fulltext_tokenize.go:155.4,160.54 2 0
github.com/matrixorigin/matrixone/pkg/sql/colexec/table_function/fulltext_tokenize.go:160.54,163.19 2 0
github.com/matrixorigin/matrixone/pkg/sql/colexec/table_function/fulltext_tokenize.go:163.19,165.6 1 0
github.com/matrixorigin/matrixone/pkg/sql/colexec/table_function/fulltext_tokenize.go:166.5,167.19 2 0
github.com/matrixorigin/matrixone/pkg/sql/colexec/table_function/fulltext_tokenize.go:167.19,169.6 1 0
github.com/matrixorigin/matrixone/pkg/sql/colexec/table_function/fulltext_tokenize.go:171.5,171.21 1 0
github.com/matrixorigin/matrixone/pkg/sql/colexec/table_function/fulltext_tokenize.go:172.10,174.5 1 0
github.com/matrixorigin/matrixone/pkg/sql/colexec/table_function/fulltext_tokenize.go:177.3,178.33 2 0
github.com/matrixorigin/matrixone/pkg/sql/colexec/table_function/fulltext_tokenize.go:178.33,184.4 3 0
github.com/matrixorigin/matrixone/pkg/sql/colexec/table_function/fulltext_tokenize.go:186.14,188.29 2 0
github.com/matrixorigin/matrixone/pkg/sql/colexec/table_function/fulltext_tokenize.go:188.29,193.50 3 0
github.com/matrixorigin/matrixone/pkg/sql/colexec/table_function/fulltext_tokenize.go:193.50,194.43 1 0
github.com/matrixorigin/matrixone/pkg/sql/colexec/table_function/fulltext_tokenize.go:194.43,196.6 1 0
github.com/matrixorigin/matrixone/pkg/sql/colexec/table_function/fulltext_tokenize.go:197.10,199.50 1 0
github.com/matrixorigin/matrixone/pkg/sql/colexec/table_function/fulltext_tokenize.go:199.50,201.6 1 0
github.com/matrixorigin/matrixone/pkg/sql/colexec/table_function/fulltext_tokenize.go:204.4,205.43 2 0
github.com/matrixorigin/matrixone/pkg/sql/colexec/table_function/fulltext_tokenize.go:205.43,209.36 3 0
github.com/matrixorigin/matrixone/pkg/sql/colexec/table_function/fulltext_tokenize.go:209.36,213.6 3 0
github.com/matrixorigin/matrixone/pkg/sql/colexec/table_function/fulltext_tokenize.go:214.5,214.28 1 0
github.com/matrixorigin/matrixone/pkg/sql/colexec/table_function/fulltext_tokenize.go:217.4,217.28 1 0
github.com/matrixorigin/matrixone/pkg/sql/colexec/table_function/fulltext_tokenize.go:220.20,222.29 2 0
github.com/matrixorigin/matrixone/pkg/sql/colexec/table_function/fulltext_tokenize.go:222.29,227.50 3 0
github.com/matrixorigin/matrixone/pkg/sql/colexec/table_function/fulltext_tokenize.go:227.50,228.43 1 0
github.com/matrixorigin/matrixone/pkg/sql/colexec/table_function/fulltext_tokenize.go:228.43,230.6 1 0
github.com/matrixorigin/matrixone/pkg/sql/colexec/table_function/fulltext_tokenize.go:231.10,233.50 1 0
github.com/matrixorigin/matrixone/pkg/sql/colexec/table_function/fulltext_tokenize.go:233.50,235.6 1 0
github.com/matrixorigin/matrixone/pkg/sql/colexec/table_function/fulltext_tokenize.go:238.4,239.43 2 0
github.com/matrixorigin/matrixone/pkg/sql/colexec/table_function/fulltext_tokenize.go:239.43,243.5 3 0
github.com/matrixorigin/matrixone/pkg/sql/colexec/table_function/fulltext_tokenize.go:245.4,245.28 1 0
github.com/matrixorigin/matrixone/pkg/sql/colexec/table_function/fulltext_tokenize.go:248.10,249.69 1 0
github.com/matrixorigin/matrixone/pkg/sql/colexec/table_function/fulltext_tokenize.go:252.2,252.26 1 0
github.com/matrixorigin/matrixone/pkg/sql/colexec/table_function/fulltext_tokenize.go:252.26,254.3 1 0
[...]
github.com/matrixorigin/matrixone/pkg/sql/colexec/table_function/table_stats.go:249.2,250.16 2 0
github.com/matrixorigin/matrixone/pkg/sql/colexec/table_function/table_stats.go:250.16,252.3 1 0
github.com/matrixorigin/matrixone/pkg/sql/colexec/table_function/table_stats.go:254.2,254.17 1 0
github.com/matrixorigin/matrixone/pkg/sql/colexec/table_function/table_stats.go:260.162,265.35 3 0
github.com/matrixorigin/matrixone/pkg/sql/colexec/table_function/table_stats.go:265.35,268.23 2 0
github.com/matrixorigin/matrixone/pkg/sql/colexec/table_function/table_stats.go:269.21,270.88 1 0
github.com/matrixorigin/matrixone/pkg/sql/colexec/table_function/table_stats.go:270.88,272.5 1 0
github.com/matrixorigin/matrixone/pkg/sql/colexec/table_function/table_stats.go:274.20,275.20 1 0
github.com/matrixorigin/matrixone/pkg/sql/colexec/table_function/table_stats.go:275.20,276.82 1 0
github.com/matrixorigin/matrixone/pkg/sql/colexec/table_function/table_stats.go:276.82,278.6 1 0
github.com/matrixorigin/matrixone/pkg/sql/colexec/table_function/table_stats.go:279.10,280.86 1 0
github.com/matrixorigin/matrixone/pkg/sql/colexec/table_function/table_stats.go:280.86,282.6 1 0
github.com/matrixorigin/matrixone/pkg/sql/colexec/table_function/table_stats.go:285.23,286.20 1 0
github.com/matrixorigin/matrixone/pkg/sql/colexec/table_function/table_stats.go:286.20,287.80 1 0
github.com/matrixorigin/matrixone/pkg/sql/colexec/table_function/table_stats.go:287.80,289.6 1 0
github.com/matrixorigin/matrixone/pkg/sql/colexec/table_function/table_stats.go:290.10,291.89 1 0
github.com/matrixorigin/matrixone/pkg/sql/colexec/table_function/table_stats.go:291.89,293.6 1 0
github.com/matrixorigin/matrixone/pkg/sql/colexec/table_function/table_stats.go:296.31,297.20 1 0
github.com/matrixorigin/matrixone/pkg/sql/colexec/table_function/table_stats.go:297.20,298.80 1 0
github.com/matrixorigin/matrixone/pkg/sql/colexec/table_function/table_stats.go:298.80,300.6 1 0
github.com/matrixorigin/matrixone/pkg/sql/colexec/table_function/table_stats.go:301.10,302.96 1 0
github.com/matrixorigin/matrixone/pkg/sql/colexec/table_function/table_stats.go:302.96,304.6 1 0
github.com/matrixorigin/matrixone/pkg/sql/colexec/table_function/table_stats.go:307.33,308.20 1 0
github.com/matrixorigin/matrixone/pkg/sql/colexec/table_function/table_stats.go:308.20,309.80 1 0
github.com/matrixorigin/matrixone/pkg/sql/colexec/table_function/table_stats.go:309.80,311.6 1 0
github.com/matrixorigin/matrixone/pkg/sql/colexec/table_function/table_stats.go:312.10,313.98 1 0
github.com/matrixorigin/matrixone/pkg/sql/colexec/table_function/table_stats.go:313.98,315.6 1 0
github.com/matrixorigin/matrixone/pkg/sql/colexec/table_function/table_stats.go:318.25,319.84 1 0
github.com/matrixorigin/matrixone/pkg/sql/colexec/table_function/table_stats.go:319.84,321.5 1 0
github.com/matrixorigin/matrixone/pkg/sql/colexec/table_function/table_stats.go:323.18,324.63 1 0
github.com/matrixorigin/matrixone/pkg/sql/colexec/table_function/table_stats.go:324.63,324.82 1 0
github.com/matrixorigin/matrixone/pkg/sql/colexec/table_function/table_stats.go:325.4,325.18 1 0
github.com/matrixorigin/matrixone/pkg/sql/colexec/table_function/table_stats.go:325.18,327.5 1 0
github.com/matrixorigin/matrixone/pkg/sql/colexec/table_function/table_stats.go:328.4,328.86 1 0
github.com/matrixorigin/matrixone/pkg/sql/colexec/table_function/table_stats.go:328.86,330.5 1 0
github.com/matrixorigin/matrixone/pkg/sql/colexec/table_function/table_stats.go:332.22,333.63 1 0
github.com/matrixorigin/matrixone/pkg/sql/colexec/table_function/table_stats.go:333.63,333.85 1 0
github.com/matrixorigin/matrixone/pkg/sql/colexec/table_function/table_stats.go:334.4,334.18 1 0
github.com/matrixorigin/matrixone/pkg/sql/colexec/table_function/table_stats.go:334.18,336.5 1 0
github.com/matrixorigin/matrixone/pkg/sql/colexec/table_function/table_stats.go:337.4,337.86 1 0
github.com/matrixorigin/matrixone/pkg/sql/colexec/table_function/table_stats.go:337.86,339.5 1 0
github.com/matrixorigin/matrixone/pkg/sql/colexec/table_function/table_stats.go:341.22,342.63 1 0
github.com/matrixorigin/matrixone/pkg/sql/colexec/table_function/table_stats.go:342.63,342.85 1 0
github.com/matrixorigin/matrixone/pkg/sql/colexec/table_function/table_stats.go:343.4,343.18 1 0
github.com/matrixorigin/matrixone/pkg/sql/colexec/table_function/table_stats.go:343.18,345.5 1 0
github.com/matrixorigin/matrixone/pkg/sql/colexec/table_function/table_stats.go:346.4,346.86 1 0
github.com/matrixorigin/matrixone/pkg/sql/colexec/table_function/table_stats.go:346.86,348.5 1 0
github.com/matrixorigin/matrixone/pkg/sql/colexec/table_function/table_stats.go:350.24,353.50 2 0
github.com/matrixorigin/matrixone/pkg/sql/colexec/table_function/table_stats.go:353.50,355.52 2 0
github.com/matrixorigin/matrixone/pkg/sql/colexec/table_function/table_stats.go:355.52,357.6 1 0
github.com/matrixorigin/matrixone/pkg/sql/colexec/table_function/table_stats.go:359.4,360.18 2 0
github.com/matrixorigin/matrixone/pkg/sql/colexec/table_function/table_stats.go:360.18,362.5 1 0
github.com/matrixorigin/matrixone/pkg/sql/colexec/table_function/table_stats.go:363.4,363.86 1 0
github.com/matrixorigin/matrixone/pkg/sql/colexec/table_function/table_stats.go:363.86,365.5 1 0
github.com/matrixorigin/matrixone/pkg/sql/colexec/table_function/table_stats.go:367.23,368.63 1 0
github.com/matrixorigin/matrixone/pkg/sql/colexec/table_function/table_stats.go:368.63,368.86 1 0
github.com/matrixorigin/matrixone/pkg/sql/colexec/table_function/table_stats.go:369.4,369.18 1 0
github.com/matrixorigin/matrixone/pkg/sql/colexec/table_function/table_stats.go:369.18,371.5 1 0
github.com/matrixorigin/matrixone/pkg/sql/colexec/table_function/table_stats.go:372.4,372.86 1 0
github.com/matrixorigin/matrixone/pkg/sql/colexec/table_function/table_stats.go:372.86,374.5 1 0
github.com/matrixorigin/matrixone/pkg/sql/colexec/table_function/table_stats.go:376.19,377.63 1 0
github.com/matrixorigin/matrixone/pkg/sql/colexec/table_function/table_stats.go:377.63,377.83 1 0
github.com/matrixorigin/matrixone/pkg/sql/colexec/table_function/table_stats.go:378.4,378.18 1 0
github.com/matrixorigin/matrixone/pkg/sql/colexec/table_function/table_stats.go:378.18,380.5 1 0
github.com/matrixorigin/matrixone/pkg/sql/colexec/table_function/table_stats.go:381.4,381.86 1 0
github.com/matrixorigin/matrixone/pkg/sql/colexec/table_function/table_stats.go:381.86,383.5 1 0
github.com/matrixorigin/matrixone/pkg/sql/colexec/table_function/table_stats.go:385.28,388.54 2 0
github.com/matrixorigin/matrixone/pkg/sql/colexec/table_function/table_stats.go:388.54,390.52 2 0
github.com/matrixorigin/matrixone/pkg/sql/colexec/table_function/table_stats.go:390.52,391.19 1 0
github.com/matrixorigin/matrixone/pkg/sql/colexec/table_function/table_stats.go:391.19,397.29 2 0
github.com/matrixorigin/matrixone/pkg/sql/colexec/table_function/table_stats.go:397.29,398.19 1 0
github.com/matrixorigin/matrixone/pkg/sql/colexec/table_function/table_stats.go:398.19,401.9 1 0
github.com/matrixorigin/matrixone/pkg/sql/colexec/table_function/table_stats.go:401.14,408.9 1 0
github.com/matrixorigin/matrixone/pkg/sql/colexec/table_function/table_stats.go:410.7,410.34 1 0
github.com/matrixorigin/matrixone/pkg/sql/colexec/table_function/table_stats.go:414.4,415.18 2 0
github.com/matrixorigin/matrixone/pkg/sql/colexec/table_function/table_stats.go:415.18,417.5 1 0
github.com/matrixorigin/matrixone/pkg/sql/colexec/table_function/table_stats.go:418.4,418.86 1 0
github.com/matrixorigin/matrixone/pkg/sql/colexec/table_function/table_stats.go:418.86,420.5 1 0
github.com/matrixorigin/matrixone/pkg/sql/colexec/table_function/table_stats.go:422.11,423.92 1 0
github.com/matrixorigin/matrixone/pkg/sql/colexec/table_function/table_stats.go:427.2,428.12 2 0
github.com/matrixorigin/matrixone/pkg/sql/colexec/table_function/table_stats.go:432.85,433.18 1 0
github.com/matrixorigin/matrixone/pkg/sql/colexec/table_function/table_stats.go:433.18,435.3 1 0
github.com/matrixorigin/matrixone/pkg/sql/colexec/table_function/table_stats.go:436.2,437.21 2 0
github.com/matrixorigin/matrixone/pkg/sql/colexec/table_function/table_stats.go:441.39,442.14 1 0
github.com/matrixorigin/matrixone/pkg/sql/colexec/table_function/table_stats.go:442.14,444.3 1 0
github.com/matrixorigin/matrixone/pkg/sql/colexec/table_function/table_stats.go:446.2,446.23 1 0
github.com/matrixorigin/matrixone/pkg/sql/colexec/table_function/table_stats.go:447.25,448.18 1 0
github.com/matrixorigin/matrixone/pkg/sql/colexec/table_function/table_stats.go:448.18,450.4 1 0
github.com/matrixorigin/matrixone/pkg/sql/colexec/table_function/table_stats.go:451.22,452.18 1 0
github.com/matrixorigin/matrixone/pkg/sql/colexec/table_function/table_stats.go:452.18,454.4 1 0
github.com/matrixorigin/matrixone/pkg/sql/colexec/table_function/table_stats.go:456.2,457.16 2 0
github.com/matrixorigin/matrixone/pkg/sql/colexec/table_function/table_stats.go:457.16,459.3 1 0
github.com/matrixorigin/matrixone/pkg/sql/colexec/table_function/table_stats.go:460.2,460.31 1 0
github.com/matrixorigin/matrixone/pkg/sql/colexec/table_function/types.go:52.72,54.2 1 0
github.com/matrixorigin/matrixone/pkg/sql/colexec/table_function/types.go:56.13,58.25 1 1
github.com/matrixorigin/matrixone/pkg/sql/colexec/table_function/types.go:58.25,60.4 1 0
github.com/matrixorigin/matrixone/pkg/sql/colexec/table_function/types.go:61.26,63.4 1 0
github.com/matrixorigin/matrixone/pkg/sql/colexec/table_function/types.go:69.54,71.2 1 0
github.com/matrixorigin/matrixone/pkg/sql/colexec/table_function/types.go:73.35,75.2 1 0
github.com/matrixorigin/matrixone/pkg/sql/colexec/table_function/types.go:77.47,78.26 1 0
github.com/matrixorigin/matrixone/pkg/sql/colexec/table_function/types.go:78.26,80.3 1 0
github.com/matrixorigin/matrixone/pkg/sql/colexec/table_function/types.go:108.98,109.26 1 1
github.com/matrixorigin/matrixone/pkg/sql/colexec/table_function/types.go:109.26,111.3 1 0
github.com/matrixorigin/matrixone/pkg/sql/colexec/table_function/types.go:112.2,114.52 3 1
github.com/matrixorigin/matrixone/pkg/sql/colexec/table_function/types.go:114.52,115.51 1 1
github.com/matrixorigin/matrixone/pkg/sql/colexec/table_function/types.go:115.51,116.42 1 1
github.com/matrixorigin/matrixone/pkg/sql/colexec/table_function/types.go:116.42,118.5 1 0
github.com/matrixorigin/matrixone/pkg/sql/colexec/table_function/types.go:119.4,119.61 1 1
github.com/matrixorigin/matrixone/pkg/sql/colexec/table_function/types.go:122.2,122.36 1 1
github.com/matrixorigin/matrixone/pkg/sql/colexec/table_function/types.go:122.36,124.3 1 0
github.com/matrixorigin/matrixone/pkg/sql/colexec/table_function/types.go:127.97,128.26 1 1
github.com/matrixorigin/matrixone/pkg/sql/colexec/table_function/types.go:128.26,130.3 1 0
github.com/matrixorigin/matrixone/pkg/sql/colexec/table_function/types.go:131.2,132.36 2 1
github.com/matrixorigin/matrixone/pkg/sql/colexec/table_function/types.go:132.36,134.3 1 0
github.com/matrixorigin/matrixone/pkg/sql/colexec/table_function/types.go:137.117,139.2 1 0
github.com/matrixorigin/matrixone/pkg/sql/colexec/table_function/types.go:141.40,142.38 1 1
github.com/matrixorigin/matrixone/pkg/sql/colexec/table_function/types.go:142.38,143.37 1 1
github.com/matrixorigin/matrixone/pkg/sql/colexec/table_function/types.go:143.37,144.28 1 1
github.com/matrixorigin/matrixone/pkg/sql/colexec/table_function/types.go:144.28,146.5 1 0
github.com/matrixorigin/matrixone/pkg/sql/colexec/table_function/types.go:147.4,147.34 1 1
github.com/matrixorigin/matrixone/pkg/sql/colexec/table_function/types.go:150.2,151.28 2 1
github.com/matrixorigin/matrixone/pkg/sql/colexec/table_function/types.go:162.79,163.20 1 0
github.com/matrixorigin/matrixone/pkg/sql/colexec/table_function/types.go:163.20,165.3 1 0
github.com/matrixorigin/matrixone/pkg/sql/colexec/table_function/types.go:168.110,169.20 1 0
github.com/matrixorigin/matrixone/pkg/sql/colexec/table_function/types.go:169.20,171.3 1 0
github.com/matrixorigin/matrixone/pkg/sql/colexec/table_function/types.go:174.101,175.14 1 1
github.com/matrixorigin/matrixone/pkg/sql/colexec/table_function/types.go:175.14,177.3 1 0
github.com/matrixorigin/matrixone/pkg/sql/colexec/table_function/types.go:178.2,179.29 2 1
github.com/matrixorigin/matrixone/pkg/sql/colexec/table_function/types.go:179.29,181.3 1 0
github.com/matrixorigin/matrixone/pkg/sql/colexec/table_function/types.go:182.2,182.64 1 1
github.com/matrixorigin/matrixone/pkg/sql/colexec/table_function/types.go:185.99,189.20 4 1
github.com/matrixorigin/matrixone/pkg/sql/colexec/table_function/types.go:189.20,191.3 1 1
github.com/matrixorigin/matrixone/pkg/sql/colexec/table_function/types.go:191.8,193.3 1 0
github.com/matrixorigin/matrixone/pkg/sql/colexec/table_function/types.go:196.83,198.2 1 0
github.com/matrixorigin/matrixone/pkg/sql/colexec/table_function/unnest.go:39.57,40.20 1 1
github.com/matrixorigin/matrixone/pkg/sql/colexec/table_function/unnest.go:40.20,42.3 1 1
github.com/matrixorigin/matrixone/pkg/sql/colexec/table_function/unnest.go:43.2,44.28 2 1
github.com/matrixorigin/matrixone/pkg/sql/colexec/table_function/unnest.go:44.28,46.3 1 1
github.com/matrixorigin/matrixone/pkg/sql/colexec/table_function/unnest.go:47.2,47.18 1 1
github.com/matrixorigin/matrixone/pkg/sql/colexec/table_function/unnest.go:77.75,79.2 1 0
github.com/matrixorigin/matrixone/pkg/sql/colexec/table_function/unnest.go:81.71,82.20 1 0
github.com/matrixorigin/matrixone/pkg/sql/colexec/table_function/unnest.go:82.20,84.3 1 0
github.com/matrixorigin/matrixone/pkg/sql/colexec/table_function/unnest.go:85.2,85.18 1 0
github.com/matrixorigin/matrixone/pkg/sql/colexec/table_function/unnest.go:88.93,90.14 2 1
github.com/matrixorigin/matrixone/pkg/sql/colexec/table_function/unnest.go:90.14,92.3 1 1
github.com/matrixorigin/matrixone/pkg/sql/colexec/table_function/unnest.go:93.2,95.17 3 1
github.com/matrixorigin/matrixone/pkg/sql/colexec/table_function/unnest.go:98.102,99.20 1 1
github.com/matrixorigin/matrixone/pkg/sql/colexec/table_function/unnest.go:99.20,101.3 1 1
github.com/matrixorigin/matrixone/pkg/sql/colexec/table_function/unnest.go:104.81,107.32 3 1
github.com/matrixorigin/matrixone/pkg/sql/colexec/table_function/unnest.go:107.32,109.3 1 1
github.com/matrixorigin/matrixone/pkg/sql/colexec/table_function/unnest.go:110.2,111.27 2 1
github.com/matrixorigin/matrixone/pkg/sql/colexec/table_function/unnest.go:111.27,113.38 2 1
github.com/matrixorigin/matrixone/pkg/sql/colexec/table_function/unnest.go:113.38,114.46 1 1
github.com/matrixorigin/matrixone/pkg/sql/colexec/table_function/unnest.go:114.46,116.10 2 1
github.com/matrixorigin/matrixone/pkg/sql/colexec/table_function/unnest.go:119.3,119.14 1 1
github.com/matrixorigin/matrixone/pkg/sql/colexec/table_function/unnest.go:119.14,121.4 1 1
github.com/matrixorigin/matrixone/pkg/sql/colexec/table_function/unnest.go:123.2,124.44 2 1
github.com/matrixorigin/matrixone/pkg/sql/colexec/table_function/unnest.go:124.44,126.3 1 1
github.com/matrixorigin/matrixone/pkg/sql/colexec/table_function/unnest.go:127.2,127.24 1 1
github.com/matrixorigin/matrixone/pkg/sql/colexec/table_function/unnest.go:127.24,132.3 4 0
github.com/matrixorigin/matrixone/pkg/sql/colexec/table_function/unnest.go:132.8,132.31 1 1
github.com/matrixorigin/matrixone/pkg/sql/colexec/table_function/unnest.go:132.31,135.3 2 0
github.com/matrixorigin/matrixone/pkg/sql/colexec/table_function/unnest.go:136.2,137.16 2 1
github.com/matrixorigin/matrixone/pkg/sql/colexec/table_function/unnest.go:137.16,139.3 1 0
github.com/matrixorigin/matrixone/pkg/sql/colexec/table_function/unnest.go:140.2,143.16 4 1
github.com/matrixorigin/matrixone/pkg/sql/colexec/table_function/unnest.go:148.116,152.15 3 1
github.com/matrixorigin/matrixone/pkg/sql/colexec/table_function/unnest.go:152.15,154.88 1 1
github.com/matrixorigin/matrixone/pkg/sql/colexec/table_function/unnest.go:154.88,156.4 1 0
github.com/matrixorigin/matrixone/pkg/sql/colexec/table_function/unnest.go:158.3,159.47 2 1
github.com/matrixorigin/matrixone/pkg/sql/colexec/table_function/unnest.go:159.47,161.4 1 0
github.com/matrixorigin/matrixone/pkg/sql/colexec/table_function/unnest.go:163.3,164.45 2 1
github.com/matrixorigin/matrixone/pkg/sql/colexec/table_function/unnest.go:164.45,166.4 1 0
github.com/matrixorigin/matrixone/pkg/sql/colexec/table_function/unnest.go:168.3,168.48 1 1
github.com/matrixorigin/matrixone/pkg/sql/colexec/table_function/unnest.go:168.48,170.4 1 0
github.com/matrixorigin/matrixone/pkg/sql/colexec/table_function/unnest.go:172.3,172.86 1 1
github.com/matrixorigin/matrixone/pkg/sql/colexec/table_function/unnest.go:172.86,174.4 1 0
github.com/matrixorigin/matrixone/pkg/sql/colexec/table_function/unnest.go:176.3,178.18 3 1
github.com/matrixorigin/matrixone/pkg/sql/colexec/table_function/unnest.go:181.2,184.30 3 1
github.com/matrixorigin/matrixone/pkg/sql/colexec/table_function/unnest.go:184.30,186.3 1 1
github.com/matrixorigin/matrixone/pkg/sql/colexec/table_function/unnest.go:188.2,188.31 1 1
github.com/matrixorigin/matrixone/pkg/sql/colexec/table_function/unnest.go:189.20,190.90 1 1
github.com/matrixorigin/matrixone/pkg/sql/colexec/table_function/unnest.go:191.23,192.89 1 1
github.com/matrixorigin/matrixone/pkg/sql/colexec/table_function/unnest.go:193.10,194.23 1 0
github.com/matrixorigin/matrixone/pkg/sql/colexec/table_function/unnest.go:196.2,196.12 1 1
github.com/matrixorigin/matrixone/pkg/sql/colexec/table_function/unnest.go:201.78,203.49 1 1
github.com/matrixorigin/matrixone/pkg/sql/colexec/table_function/unnest.go:203.49,205.3 1 0
github.com/matrixorigin/matrixone/pkg/sql/colexec/table_function/unnest.go:206.2,207.16 2 1
github.com/matrixorigin/matrixone/pkg/sql/colexec/table_function/unnest.go:207.16,209.3 1 0
github.com/matrixorigin/matrixone/pkg/sql/colexec/table_function/unnest.go:211.2,212.16 2 1
github.com/matrixorigin/matrixone/pkg/sql/colexec/table_function/unnest.go:212.16,214.3 1 0
github.com/matrixorigin/matrixone/pkg/sql/colexec/table_function/unnest.go:216.2,217.16 2 1
github.com/matrixorigin/matrixone/pkg/sql/colexec/table_function/unnest.go:217.16,219.3 1 0
github.com/matrixorigin/matrixone/pkg/sql/colexec/table_function/unnest.go:220.2,221.12 2 1
github.com/matrixorigin/matrixone/pkg/sql/colexec/table_function/unnest.go:224.146,225.33 1 1
github.com/matrixorigin/matrixone/pkg/sql/colexec/table_function/unnest.go:225.33,226.39 1 1
github.com/matrixorigin/matrixone/pkg/sql/colexec/table_function/unnest.go:226.39,229.24 3 1
github.com/matrixorigin/matrixone/pkg/sql/colexec/table_function/unnest.go:230.15,231.75 1 1
github.com/matrixorigin/matrixone/pkg/sql/colexec/table_function/unnest.go:232.15,233.62 1 1
github.com/matrixorigin/matrixone/pkg/sql/colexec/table_function/unnest.go:234.17,236.26 2 1
github.com/matrixorigin/matrixone/pkg/sql/colexec/table_function/unnest.go:236.26,238.6 1 1
github.com/matrixorigin/matrixone/pkg/sql/colexec/table_function/unnest.go:238.11,241.6 2 0
github.com/matrixorigin/matrixone/pkg/sql/colexec/table_function/unnest.go:242.32,244.69 2 1
github.com/matrixorigin/matrixone/pkg/sql/colexec/table_function/unnest.go:245.16,246.21 1 1
github.com/matrixorigin/matrixone/pkg/sql/colexec/table_function/unnest.go:246.21,247.16 1 1
github.com/matrixorigin/matrixone/pkg/sql/colexec/table_function/unnest.go:247.16,252.7 4 1
github.com/matrixorigin/matrixone/pkg/sql/colexec/table_function/unnest.go:253.11,256.6 2 0
github.com/matrixorigin/matrixone/pkg/sql/colexec/table_function/unnest.go:257.12,258.88 1 0
github.com/matrixorigin/matrixone/pkg/sql/colexec/table_function/unnest.go:260.4,260.18 1 1
github.com/matrixorigin/matrixone/pkg/sql/colexec/table_function/unnest.go:260.18,262.5 1 0
github.com/matrixorigin/matrixone/pkg/sql/colexec/table_function/unnest.go:265.2,265.12 1 1
github.com/matrixorigin/matrixone/pkg/sql/colexec/table_function/unnest.go:268.54,271.2 2 1
github.com/matrixorigin/matrixone/pkg/sql/colexec/table_function/unnest.go:272.53,274.2 1 1
